<?xml version="1.0" encoding="UTF-8"?>
<testsuite xmlns:xsi="http://www.w3.org/2001/XMLSchema-instance" xsi:noNamespaceSchemaLocation="https://maven.apache.org/surefire/maven-surefire-plugin/xsd/surefire-test-report.xsd" version="3.0.2" name="test.org.fugerit.java.demo.unittestdemoapp.DocResourceSicurezzaTest" time="1.889" tests="8" errors="1" skipped="0" failures="0">
  <properties>
[...]
</properties>
  <testcase name="testHtmlOkNoAdminRole" classname="test.org.fugerit.java.demo.unittestdemoapp.DocResourceSicurezzaTest" time="1.229">
    <system-out><![CDATA[2025-12-02 15:22:35,063 INFO  [io.qua.sma.jwt.dep.SmallryeJwtDevModeProcessor] (build-22) The smallrye-jwt extension has configured an in-memory key pair, which is not enabled in production. Please ensure the correct keys/locations are set in production to avoid potential issues.
2025-12-02 15:22:36,597 INFO  [org.fug.jav.doc.fre.pro.FreemarkerDocProcessConfigFacade] (main) loadConfigSafe config path : cl://unit-test-demo-app/fm-doc-process-config.xml
2025-12-02 15:22:36,621 INFO  [org.fug.jav.doc.fre.pro.FreemarkerDocProcessConfigFacade] (main) setupGeneralAttribute : name : validating value : 
2025-12-02 15:22:36,621 INFO  [org.fug.jav.doc.fre.pro.FreemarkerDocProcessConfigFacade] (main) setupGeneralAttribute : name : failOnValidate value : 
2025-12-02 15:22:36,621 INFO  [org.fug.jav.doc.fre.pro.FreemarkerDocProcessConfigFacade] (main) setupGeneralAttribute : name : cleanSource value : 
2025-12-02 15:22:36,622 INFO  [org.fug.jav.doc.fre.pro.FreemarkerDocProcessConfigFacade] (main) setupGeneralAttribute : name : table-check-integrity value : 
2025-12-02 15:22:36,622 INFO  [org.fug.jav.doc.fre.pro.FreemarkerDocProcessConfigFacade] (main) docHandlerList -> 6
2025-12-02 15:22:36,623 INFO  [org.fug.jav.doc.fre.pro.FreemarkerDocProcessConfigFacade] (main) factoryType : [docHandler: null] , resultType : org.fugerit.java.doc.base.typehandler.markdown.SimpleMarkdownExtTypeHandler
2025-12-02 15:22:36,623 INFO  [org.fug.jav.doc.fre.pro.FreemarkerDocProcessConfigFacade] (main) ConfigurableObject -> try configure()
2025-12-02 15:22:36,624 INFO  [org.fug.jav.doc.bas.con.DocTypeHandlerDefault] (main) configure : md-ext
2025-12-02 15:22:36,624 INFO  [org.fug.jav.doc.fre.pro.FreemarkerDocProcessConfigFacade] (main) register handler id md-ext, handler SimpleMarkdownExtTypeHandler{customId='05150530-d122-470d-8a97-c3e561399ae9', type='md', module='markdown', format='null', mime='text/x-markdown', charset=UTF-8}
2025-12-02 15:22:36,624 INFO  [org.fug.jav.doc.bas.fac.DocHandlerFacade] (main) Registering handler with id md-markdown : org.fugerit.java.doc.base.typehandler.markdown.SimpleMarkdownExtTypeHandler
2025-12-02 15:22:36,624 INFO  [org.fug.jav.doc.bas.fac.DocHandlerFacade] (main) Registering handler with id md : org.fugerit.java.doc.base.typehandler.markdown.SimpleMarkdownExtTypeHandler
2025-12-02 15:22:36,625 INFO  [org.fug.jav.doc.bas.fac.DocHandlerFacade] (main) list keys current -> SimpleMarkdownExtTypeHandler{customId='05150530-d122-470d-8a97-c3e561399ae9', type='md', module='markdown', format='null', mime='text/x-markdown', charset=UTF-8} : list [md, md-markdown, md-ext]
2025-12-02 15:22:36,625 INFO  [org.fug.jav.doc.fre.pro.FreemarkerDocProcessConfigFacade] (main) factoryType : [docHandler: null] , resultType : org.fugerit.java.doc.base.typehandler.core.DocTypeHandlerCoreXMLUTF8
2025-12-02 15:22:36,626 INFO  [org.fug.jav.doc.fre.pro.FreemarkerDocProcessConfigFacade] (main) ConfigurableObject -> try configure()
2025-12-02 15:22:36,626 INFO  [org.fug.jav.doc.bas.con.DocTypeHandlerDefault] (main) configure : xml-doc
2025-12-02 15:22:36,626 INFO  [org.fug.jav.doc.fre.pro.FreemarkerDocProcessConfigFacade] (main) register handler id xml-doc, handler DocTypeHandlerCoreXMLUTF8{customId='e693a2b2-e3bc-4070-903f-de75adf7c959', type='xml', module='doc-core', format='null', mime='null', charset=UTF-8}
2025-12-02 15:22:36,626 INFO  [org.fug.jav.doc.bas.fac.DocHandlerFacade] (main) Registering handler with id xml-doc-core : org.fugerit.java.doc.base.typehandler.core.DocTypeHandlerCoreXMLUTF8
2025-12-02 15:22:36,626 INFO  [org.fug.jav.doc.bas.fac.DocHandlerFacade] (main) Registering handler with id xml : org.fugerit.java.doc.base.typehandler.core.DocTypeHandlerCoreXMLUTF8
2025-12-02 15:22:36,626 INFO  [org.fug.jav.doc.bas.fac.DocHandlerFacade] (main) list keys current -> DocTypeHandlerCoreXMLUTF8{customId='e693a2b2-e3bc-4070-903f-de75adf7c959', type='xml', module='doc-core', format='null', mime='null', charset=UTF-8} : list [xml-doc-core, xml-doc, xml, md, md-markdown, md-ext]
2025-12-02 15:22:36,626 INFO  [org.fug.jav.doc.fre.pro.FreemarkerDocProcessConfigFacade] (main) factoryType : [docHandler: null] , resultType : org.fugerit.java.doc.freemarker.html.FreeMarkerHtmlTypeHandlerEscapeUTF8
2025-12-02 15:22:36,627 INFO  [org.fug.jav.doc.fre.pro.FreemarkerDocProcessConfigFacade] (main) ConfigurableObject -> try configure()
2025-12-02 15:22:36,627 INFO  [org.fug.jav.doc.bas.con.DocTypeHandlerDefault] (main) configure : html-fm
2025-12-02 15:22:36,627 INFO  [org.fug.jav.doc.fre.pro.FreemarkerDocProcessConfigFacade] (main) register handler id html-fm, handler FreeMarkerHtmlTypeHandlerEscapeUTF8{customId='4d0964fc-bb49-41c2-8d91-c46da67bec58', type='html', module='fm', format='null', mime='text/html', charset=UTF-8}
2025-12-02 15:22:36,627 INFO  [org.fug.jav.doc.bas.fac.DocHandlerFacade] (main) Registering handler with id html-fm : org.fugerit.java.doc.freemarker.html.FreeMarkerHtmlTypeHandlerEscapeUTF8
2025-12-02 15:22:36,627 INFO  [org.fug.jav.doc.bas.fac.DocHandlerFacade] (main) Registering handler with id html : org.fugerit.java.doc.freemarker.html.FreeMarkerHtmlTypeHandlerEscapeUTF8
2025-12-02 15:22:36,627 INFO  [org.fug.jav.doc.bas.fac.DocHandlerFacade] (main) list keys current -> FreeMarkerHtmlTypeHandlerEscapeUTF8{customId='4d0964fc-bb49-41c2-8d91-c46da67bec58', type='html', module='fm', format='null', mime='text/html', charset=UTF-8} : list [xml-doc-core, xml-doc, html-fm, xml, md, md-markdown, html, md-ext]
2025-12-02 15:22:36,627 INFO  [org.fug.jav.doc.fre.pro.FreemarkerDocProcessConfigFacade] (main) factoryType : [docHandler: null] , resultType : org.fugerit.java.doc.freemarker.html.FreeMarkerHtmlFragmentTypeHandlerEscapeUTF8
2025-12-02 15:22:36,628 INFO  [org.fug.jav.doc.fre.pro.FreemarkerDocProcessConfigFacade] (main) ConfigurableObject -> try configure()
2025-12-02 15:22:36,628 INFO  [org.fug.jav.doc.bas.con.DocTypeHandlerDefault] (main) configure : html-fragment-fm
2025-12-02 15:22:36,628 INFO  [org.fug.jav.doc.fre.pro.FreemarkerDocProcessConfigFacade] (main) register handler id html-fragment-fm, handler FreeMarkerHtmlFragmentTypeHandlerEscapeUTF8{customId='4a3606df-0517-43ae-9c22-75fb7e1603af', type='fhtml', module='fm', format='null', mime='text/html', charset=UTF-8}
2025-12-02 15:22:36,628 INFO  [org.fug.jav.doc.bas.fac.DocHandlerFacade] (main) Registering handler with id fhtml-fm : org.fugerit.java.doc.freemarker.html.FreeMarkerHtmlFragmentTypeHandlerEscapeUTF8
2025-12-02 15:22:36,628 INFO  [org.fug.jav.doc.bas.fac.DocHandlerFacade] (main) Registering handler with id fhtml : org.fugerit.java.doc.freemarker.html.FreeMarkerHtmlFragmentTypeHandlerEscapeUTF8
2025-12-02 15:22:36,628 INFO  [org.fug.jav.doc.bas.fac.DocHandlerFacade] (main) list keys current -> FreeMarkerHtmlFragmentTypeHandlerEscapeUTF8{customId='4a3606df-0517-43ae-9c22-75fb7e1603af', type='fhtml', module='fm', format='null', mime='text/html', charset=UTF-8} : list [xml-doc-core, fhtml-fm, xml-doc, html-fm, xml, md, md-markdown, html, md-ext, html-fragment-fm, fhtml]
2025-12-02 15:22:36,628 INFO  [org.fug.jav.doc.fre.pro.FreemarkerDocProcessConfigFacade] (main) factoryType : [docHandler: null] , resultType : org.fugerit.java.doc.freemarker.asciidoc.FreeMarkerAsciidocTypeHandlerUTF8
2025-12-02 15:22:36,629 INFO  [org.fug.jav.doc.fre.pro.FreemarkerDocProcessConfigFacade] (main) ConfigurableObject -> try configure()
2025-12-02 15:22:36,629 INFO  [org.fug.jav.doc.bas.con.DocTypeHandlerDefault] (main) configure : asciidoc-fm
2025-12-02 15:22:36,629 INFO  [org.fug.jav.doc.fre.pro.FreemarkerDocProcessConfigFacade] (main) register handler id asciidoc-fm, handler FreeMarkerAsciidocTypeHandlerUTF8{customId='e9ce21fb-7cc4-413f-b734-dd88d579dd24', type='adoc', module='fm', format='null', mime='text/html', charset=UTF-8}
2025-12-02 15:22:36,629 INFO  [org.fug.jav.doc.bas.fac.DocHandlerFacade] (main) Registering handler with id adoc-fm : org.fugerit.java.doc.freemarker.asciidoc.FreeMarkerAsciidocTypeHandlerUTF8
2025-12-02 15:22:36,629 INFO  [org.fug.jav.doc.bas.fac.DocHandlerFacade] (main) Registering handler with id adoc : org.fugerit.java.doc.freemarker.asciidoc.FreeMarkerAsciidocTypeHandlerUTF8
2025-12-02 15:22:36,629 INFO  [org.fug.jav.doc.bas.fac.DocHandlerFacade] (main) list keys current -> FreeMarkerAsciidocTypeHandlerUTF8{customId='e9ce21fb-7cc4-413f-b734-dd88d579dd24', type='adoc', module='fm', format='null', mime='text/html', charset=UTF-8} : list [xml-doc-core, fhtml-fm, html-fm, md-markdown, xml-doc, xml, md, adoc-fm, asciidoc-fm, html, adoc, md-ext, html-fragment-fm, fhtml]
2025-12-02 15:22:36,630 INFO  [org.fug.jav.doc.fre.pro.FreemarkerDocProcessConfigFacade] (main) factoryType : [docHandler: null] , resultType : org.fugerit.java.doc.mod.fop.PdfFopTypeHandler
2025-12-02 15:22:36,631 INFO  [org.fug.jav.doc.fre.pro.FreemarkerDocProcessConfigFacade] (main) loadConfigSafe config path : cl://fj_doc_mod_fop_config/fm-fop-process-config.xml
2025-12-02 15:22:36,633 INFO  [org.fug.jav.doc.fre.pro.FreemarkerDocProcessConfigFacade] (main) setupGeneralAttribute : name : validating value : 
2025-12-02 15:22:36,633 INFO  [org.fug.jav.doc.fre.pro.FreemarkerDocProcessConfigFacade] (main) setupGeneralAttribute : name : failOnValidate value : 
2025-12-02 15:22:36,633 INFO  [org.fug.jav.doc.fre.pro.FreemarkerDocProcessConfigFacade] (main) setupGeneralAttribute : name : cleanSource value : 
2025-12-02 15:22:36,633 INFO  [org.fug.jav.doc.fre.pro.FreemarkerDocProcessConfigFacade] (main) setupGeneralAttribute : name : table-check-integrity value : 
2025-12-02 15:22:36,635 INFO  [org.fug.jav.doc.fre.pro.FreemarkerDocProcessConfigFacade] (main) loadConfig ok : org.fugerit.java.doc.freemarker.process.FreemarkerDocProcessConfig@7b7cf475
2025-12-02 15:22:36,639 INFO  [org.fug.jav.doc.fre.pro.FreemarkerDocProcessConfigFacade] (main) ConfigurableObject -> try configure()
2025-12-02 15:22:36,639 INFO  [org.fug.jav.doc.bas.con.DocTypeHandlerDefault] (main) configure : pdf-fop
2025-12-02 15:22:36,639 INFO  [org.fug.jav.doc.fre.pro.FreemarkerDocProcessConfigFacade] (main) register handler id pdf-fop, handler PdfFopTypeHandler{customId='74526395-61fe-4762-832b-33de13c9b938', type='pdf', module='fop', format='null', mime='null', charset=UTF-8}[pdfAmode=null,pdfUAmode=,null,poolMin=0,poolMax=0]
2025-12-02 15:22:36,639 INFO  [org.fug.jav.doc.bas.fac.DocHandlerFacade] (main) Registering handler with id pdf-fop : org.fugerit.java.doc.mod.fop.PdfFopTypeHandler
2025-12-02 15:22:36,639 INFO  [org.fug.jav.doc.bas.fac.DocHandlerFacade] (main) Registering handler with id pdf : org.fugerit.java.doc.mod.fop.PdfFopTypeHandler
2025-12-02 15:22:36,639 INFO  [org.fug.jav.doc.bas.fac.DocHandlerFacade] (main) list keys current -> PdfFopTypeHandler{customId='74526395-61fe-4762-832b-33de13c9b938', type='pdf', module='fop', format='null', mime='null', charset=UTF-8}[pdfAmode=null,pdfUAmode=,null,poolMin=0,poolMax=0] : list [xml-doc-core, fhtml-fm, html-fm, md-markdown, xml-doc, pdf, xml, md, adoc-fm, asciidoc-fm, html, adoc, md-ext, pdf-fop, html-fragment-fm, fhtml]
2025-12-02 15:22:36,640 INFO  [org.fug.jav.doc.fre.pro.FreemarkerDocProcessConfigFacade] (main) loadConfig ok : org.fugerit.java.doc.freemarker.process.FreemarkerDocProcessConfig@175bf9c9
2025-12-02 15:22:36,640 INFO  [org.fug.jav.dem.uni.AppInit] (main) The application is starting...
2025-12-02 15:22:36,640 INFO  [org.fug.jav.doc.fre.pro.FreemarkerDocProcessConfigFacade] (main) loadConfigSafe config path : cl://unit-test-demo-app/fm-doc-process-config.xml
2025-12-02 15:22:36,643 INFO  [org.fug.jav.doc.fre.pro.FreemarkerDocProcessConfigFacade] (main) setupGeneralAttribute : name : validating value : 
2025-12-02 15:22:36,643 INFO  [org.fug.jav.doc.fre.pro.FreemarkerDocProcessConfigFacade] (main) setupGeneralAttribute : name : failOnValidate value : 
2025-12-02 15:22:36,643 INFO  [org.fug.jav.doc.fre.pro.FreemarkerDocProcessConfigFacade] (main) setupGeneralAttribute : name : cleanSource value : 
2025-12-02 15:22:36,643 INFO  [org.fug.jav.doc.fre.pro.FreemarkerDocProcessConfigFacade] (main) setupGeneralAttribute : name : table-check-integrity value : 
2025-12-02 15:22:36,644 INFO  [org.fug.jav.doc.fre.pro.FreemarkerDocProcessConfigFacade] (main) docHandlerList -> 6
2025-12-02 15:22:36,644 INFO  [org.fug.jav.doc.fre.pro.FreemarkerDocProcessConfigFacade] (main) factoryType : [docHandler: null] , resultType : org.fugerit.java.doc.base.typehandler.markdown.SimpleMarkdownExtTypeHandler
2025-12-02 15:22:36,644 INFO  [org.fug.jav.doc.fre.pro.FreemarkerDocProcessConfigFacade] (main) ConfigurableObject -> try configure()
2025-12-02 15:22:36,644 INFO  [org.fug.jav.doc.bas.con.DocTypeHandlerDefault] (main) configure : md-ext
2025-12-02 15:22:36,644 INFO  [org.fug.jav.doc.fre.pro.FreemarkerDocProcessConfigFacade] (main) register handler id md-ext, handler SimpleMarkdownExtTypeHandler{customId='f60921e4-eadc-4475-ab19-e3f96e47e14c', type='md', module='markdown', format='null', mime='text/x-markdown', charset=UTF-8}
2025-12-02 15:22:36,644 INFO  [org.fug.jav.doc.bas.fac.DocHandlerFacade] (main) Registering handler with id md-markdown : org.fugerit.java.doc.base.typehandler.markdown.SimpleMarkdownExtTypeHandler
2025-12-02 15:22:36,644 INFO  [org.fug.jav.doc.bas.fac.DocHandlerFacade] (main) Registering handler with id md : org.fugerit.java.doc.base.typehandler.markdown.SimpleMarkdownExtTypeHandler
2025-12-02 15:22:36,645 INFO  [org.fug.jav.doc.bas.fac.DocHandlerFacade] (main) list keys current -> SimpleMarkdownExtTypeHandler{customId='f60921e4-eadc-4475-ab19-e3f96e47e14c', type='md', module='markdown', format='null', mime='text/x-markdown', charset=UTF-8} : list [md, md-markdown, md-ext]
2025-12-02 15:22:36,645 INFO  [org.fug.jav.doc.fre.pro.FreemarkerDocProcessConfigFacade] (main) factoryType : [docHandler: null] , resultType : org.fugerit.java.doc.base.typehandler.core.DocTypeHandlerCoreXMLUTF8
2025-12-02 15:22:36,645 INFO  [org.fug.jav.doc.fre.pro.FreemarkerDocProcessConfigFacade] (main) ConfigurableObject -> try configure()
2025-12-02 15:22:36,645 INFO  [org.fug.jav.doc.bas.con.DocTypeHandlerDefault] (main) configure : xml-doc
2025-12-02 15:22:36,645 INFO  [org.fug.jav.doc.fre.pro.FreemarkerDocProcessConfigFacade] (main) register handler id xml-doc, handler DocTypeHandlerCoreXMLUTF8{customId='cb7714fd-3583-4059-a83b-76e0948a836f', type='xml', module='doc-core', format='null', mime='null', charset=UTF-8}
2025-12-02 15:22:36,645 INFO  [org.fug.jav.doc.bas.fac.DocHandlerFacade] (main) Registering handler with id xml-doc-core : org.fugerit.java.doc.base.typehandler.core.DocTypeHandlerCoreXMLUTF8
2025-12-02 15:22:36,645 INFO  [org.fug.jav.doc.bas.fac.DocHandlerFacade] (main) Registering handler with id xml : org.fugerit.java.doc.base.typehandler.core.DocTypeHandlerCoreXMLUTF8
2025-12-02 15:22:36,645 INFO  [org.fug.jav.doc.bas.fac.DocHandlerFacade] (main) list keys current -> DocTypeHandlerCoreXMLUTF8{customId='cb7714fd-3583-4059-a83b-76e0948a836f', type='xml', module='doc-core', format='null', mime='null', charset=UTF-8} : list [xml-doc-core, xml-doc, xml, md, md-markdown, md-ext]
2025-12-02 15:22:36,646 INFO  [org.fug.jav.doc.fre.pro.FreemarkerDocProcessConfigFacade] (main) factoryType : [docHandler: null] , resultType : org.fugerit.java.doc.freemarker.html.FreeMarkerHtmlTypeHandlerEscapeUTF8
2025-12-02 15:22:36,646 INFO  [org.fug.jav.doc.fre.pro.FreemarkerDocProcessConfigFacade] (main) ConfigurableObject -> try configure()
2025-12-02 15:22:36,646 INFO  [org.fug.jav.doc.bas.con.DocTypeHandlerDefault] (main) configure : html-fm
2025-12-02 15:22:36,646 INFO  [org.fug.jav.doc.fre.pro.FreemarkerDocProcessConfigFacade] (main) register handler id html-fm, handler FreeMarkerHtmlTypeHandlerEscapeUTF8{customId='c0b183ab-7738-40d7-b194-21993ff25f54', type='html', module='fm', format='null', mime='text/html', charset=UTF-8}
2025-12-02 15:22:36,646 INFO  [org.fug.jav.doc.bas.fac.DocHandlerFacade] (main) Registering handler with id html-fm : org.fugerit.java.doc.freemarker.html.FreeMarkerHtmlTypeHandlerEscapeUTF8
2025-12-02 15:22:36,646 INFO  [org.fug.jav.doc.bas.fac.DocHandlerFacade] (main) Registering handler with id html : org.fugerit.java.doc.freemarker.html.FreeMarkerHtmlTypeHandlerEscapeUTF8
2025-12-02 15:22:36,646 INFO  [org.fug.jav.doc.bas.fac.DocHandlerFacade] (main) list keys current -> FreeMarkerHtmlTypeHandlerEscapeUTF8{customId='c0b183ab-7738-40d7-b194-21993ff25f54', type='html', module='fm', format='null', mime='text/html', charset=UTF-8} : list [xml-doc-core, xml-doc, html-fm, xml, md, md-markdown, html, md-ext]
2025-12-02 15:22:36,646 INFO  [org.fug.jav.doc.fre.pro.FreemarkerDocProcessConfigFacade] (main) factoryType : [docHandler: null] , resultType : org.fugerit.java.doc.freemarker.html.FreeMarkerHtmlFragmentTypeHandlerEscapeUTF8
2025-12-02 15:22:36,646 INFO  [org.fug.jav.doc.fre.pro.FreemarkerDocProcessConfigFacade] (main) ConfigurableObject -> try configure()
2025-12-02 15:22:36,646 INFO  [org.fug.jav.doc.bas.con.DocTypeHandlerDefault] (main) configure : html-fragment-fm
2025-12-02 15:22:36,647 INFO  [org.fug.jav.doc.fre.pro.FreemarkerDocProcessConfigFacade] (main) register handler id html-fragment-fm, handler FreeMarkerHtmlFragmentTypeHandlerEscapeUTF8{customId='2e3fdf36-36ac-42bc-9551-671cb2b36204', type='fhtml', module='fm', format='null', mime='text/html', charset=UTF-8}
2025-12-02 15:22:36,647 INFO  [org.fug.jav.doc.bas.fac.DocHandlerFacade] (main) Registering handler with id fhtml-fm : org.fugerit.java.doc.freemarker.html.FreeMarkerHtmlFragmentTypeHandlerEscapeUTF8
2025-12-02 15:22:36,647 INFO  [org.fug.jav.doc.bas.fac.DocHandlerFacade] (main) Registering handler with id fhtml : org.fugerit.java.doc.freemarker.html.FreeMarkerHtmlFragmentTypeHandlerEscapeUTF8
2025-12-02 15:22:36,647 INFO  [org.fug.jav.doc.bas.fac.DocHandlerFacade] (main) list keys current -> FreeMarkerHtmlFragmentTypeHandlerEscapeUTF8{customId='2e3fdf36-36ac-42bc-9551-671cb2b36204', type='fhtml', module='fm', format='null', mime='text/html', charset=UTF-8} : list [xml-doc-core, fhtml-fm, xml-doc, html-fm, xml, md, md-markdown, html, md-ext, html-fragment-fm, fhtml]
2025-12-02 15:22:36,647 INFO  [org.fug.jav.doc.fre.pro.FreemarkerDocProcessConfigFacade] (main) factoryType : [docHandler: null] , resultType : org.fugerit.java.doc.freemarker.asciidoc.FreeMarkerAsciidocTypeHandlerUTF8
2025-12-02 15:22:36,647 INFO  [org.fug.jav.doc.fre.pro.FreemarkerDocProcessConfigFacade] (main) ConfigurableObject -> try configure()
2025-12-02 15:22:36,647 INFO  [org.fug.jav.doc.bas.con.DocTypeHandlerDefault] (main) configure : asciidoc-fm
2025-12-02 15:22:36,647 INFO  [org.fug.jav.doc.fre.pro.FreemarkerDocProcessConfigFacade] (main) register handler id asciidoc-fm, handler FreeMarkerAsciidocTypeHandlerUTF8{customId='a5275f71-74d1-4e3f-b4d2-f65004829f47', type='adoc', module='fm', format='null', mime='text/html', charset=UTF-8}
2025-12-02 15:22:36,647 INFO  [org.fug.jav.doc.bas.fac.DocHandlerFacade] (main) Registering handler with id adoc-fm : org.fugerit.java.doc.freemarker.asciidoc.FreeMarkerAsciidocTypeHandlerUTF8
2025-12-02 15:22:36,647 INFO  [org.fug.jav.doc.bas.fac.DocHandlerFacade] (main) Registering handler with id adoc : org.fugerit.java.doc.freemarker.asciidoc.FreeMarkerAsciidocTypeHandlerUTF8
2025-12-02 15:22:36,647 INFO  [org.fug.jav.doc.bas.fac.DocHandlerFacade] (main) list keys current -> FreeMarkerAsciidocTypeHandlerUTF8{customId='a5275f71-74d1-4e3f-b4d2-f65004829f47', type='adoc', module='fm', format='null', mime='text/html', charset=UTF-8} : list [xml-doc-core, fhtml-fm, html-fm, md-markdown, xml-doc, xml, md, adoc-fm, asciidoc-fm, html, adoc, md-ext, html-fragment-fm, fhtml]
2025-12-02 15:22:36,648 INFO  [org.fug.jav.doc.fre.pro.FreemarkerDocProcessConfigFacade] (main) factoryType : [docHandler: null] , resultType : org.fugerit.java.doc.mod.fop.PdfFopTypeHandler
2025-12-02 15:22:36,648 INFO  [org.fug.jav.doc.fre.pro.FreemarkerDocProcessConfigFacade] (main) ConfigurableObject -> try configure()
2025-12-02 15:22:36,648 INFO  [org.fug.jav.doc.bas.con.DocTypeHandlerDefault] (main) configure : pdf-fop
2025-12-02 15:22:36,648 INFO  [org.fug.jav.doc.fre.pro.FreemarkerDocProcessConfigFacade] (main) register handler id pdf-fop, handler PdfFopTypeHandler{customId='610808e9-1eba-4fa9-b7fa-3eaacf0ff5ca', type='pdf', module='fop', format='null', mime='null', charset=UTF-8}[pdfAmode=null,pdfUAmode=,null,poolMin=0,poolMax=0]
2025-12-02 15:22:36,648 INFO  [org.fug.jav.doc.bas.fac.DocHandlerFacade] (main) Registering handler with id pdf-fop : org.fugerit.java.doc.mod.fop.PdfFopTypeHandler
2025-12-02 15:22:36,648 INFO  [org.fug.jav.doc.bas.fac.DocHandlerFacade] (main) Registering handler with id pdf : org.fugerit.java.doc.mod.fop.PdfFopTypeHandler
2025-12-02 15:22:36,648 INFO  [org.fug.jav.doc.bas.fac.DocHandlerFacade] (main) list keys current -> PdfFopTypeHandler{customId='610808e9-1eba-4fa9-b7fa-3eaacf0ff5ca', type='pdf', module='fop', format='null', mime='null', charset=UTF-8}[pdfAmode=null,pdfUAmode=,null,poolMin=0,poolMax=0] : list [xml-doc-core, fhtml-fm, html-fm, md-markdown, xml-doc, pdf, xml, md, adoc-fm, asciidoc-fm, html, adoc, md-ext, pdf-fop, html-fragment-fm, fhtml]
2025-12-02 15:22:36,648 INFO  [org.fug.jav.doc.fre.pro.FreemarkerDocProcessConfigFacade] (main) loadConfig ok : org.fugerit.java.doc.freemarker.process.FreemarkerDocProcessConfig@1ab28416
2025-12-02 15:22:36,650 INFO  [org.fug.jav.doc.bas.con.InitHandler] (Thread-41) Init handler start : FreeMarkerAsciidocTypeHandlerUTF8{customId='a5275f71-74d1-4e3f-b4d2-f65004829f47', type='adoc', module='fm', format='null', mime='text/html', charset=UTF-8}
2025-12-02 15:22:36,650 INFO  [org.fug.jav.doc.bas.con.InitHandler] (Thread-43) Init handler start : SimpleMarkdownExtTypeHandler{customId='f60921e4-eadc-4475-ab19-e3f96e47e14c', type='md', module='markdown', format='null', mime='text/x-markdown', charset=UTF-8}
2025-12-02 15:22:36,650 INFO  [org.fug.jav.doc.bas.con.InitHandler] (Thread-44) Init handler start : FreeMarkerHtmlFragmentTypeHandlerEscapeUTF8{customId='2e3fdf36-36ac-42bc-9551-671cb2b36204', type='fhtml', module='fm', format='null', mime='text/html', charset=UTF-8}
2025-12-02 15:22:36,650 INFO  [org.fug.jav.doc.bas.con.InitHandler] (Thread-45) Init handler start : DocTypeHandlerCoreXMLUTF8{customId='cb7714fd-3583-4059-a83b-76e0948a836f', type='xml', module='doc-core', format='null', mime='null', charset=UTF-8}
2025-12-02 15:22:36,650 INFO  [org.fug.jav.doc.bas.con.InitHandler] (Thread-40) Init handler start : PdfFopTypeHandler{customId='610808e9-1eba-4fa9-b7fa-3eaacf0ff5ca', type='pdf', module='fop', format='null', mime='null', charset=UTF-8}[pdfAmode=null,pdfUAmode=,null,poolMin=0,poolMax=0]
2025-12-02 15:22:36,650 INFO  [org.fug.jav.doc.bas.con.InitHandler] (Thread-42) Init handler start : FreeMarkerHtmlTypeHandlerEscapeUTF8{customId='c0b183ab-7738-40d7-b194-21993ff25f54', type='html', module='fm', format='null', mime='text/html', charset=UTF-8}
2025-12-02 15:22:36,650 INFO  [org.fug.jav.doc.bas.con.InitHandler] (Thread-42) initDoc start : FreeMarkerHtmlTypeHandlerEscapeUTF8{customId='c0b183ab-7738-40d7-b194-21993ff25f54', type='html', module='fm', format='null', mime='text/html', charset=UTF-8}
2025-12-02 15:22:36,650 INFO  [org.fug.jav.doc.bas.con.InitHandler] (Thread-44) initDoc start : FreeMarkerHtmlFragmentTypeHandlerEscapeUTF8{customId='2e3fdf36-36ac-42bc-9551-671cb2b36204', type='fhtml', module='fm', format='null', mime='text/html', charset=UTF-8}
2025-12-02 15:22:36,650 INFO  [org.fug.jav.doc.bas.con.InitHandler] (Thread-43) initDoc start : SimpleMarkdownExtTypeHandler{customId='f60921e4-eadc-4475-ab19-e3f96e47e14c', type='md', module='markdown', format='null', mime='text/x-markdown', charset=UTF-8}
2025-12-02 15:22:36,650 INFO  [org.fug.jav.doc.bas.con.InitHandler] (Thread-40) initDoc start : PdfFopTypeHandler{customId='610808e9-1eba-4fa9-b7fa-3eaacf0ff5ca', type='pdf', module='fop', format='null', mime='null', charset=UTF-8}[pdfAmode=null,pdfUAmode=,null,poolMin=0,poolMax=0]
2025-12-02 15:22:36,651 INFO  [org.fug.jav.doc.bas.con.InitHandler] (Thread-41) initDoc start : FreeMarkerAsciidocTypeHandlerUTF8{customId='a5275f71-74d1-4e3f-b4d2-f65004829f47', type='adoc', module='fm', format='null', mime='text/html', charset=UTF-8}
2025-12-02 15:22:36,650 INFO  [org.fug.jav.doc.bas.con.InitHandler] (Thread-45) initDoc start : DocTypeHandlerCoreXMLUTF8{customId='cb7714fd-3583-4059-a83b-76e0948a836f', type='xml', module='doc-core', format='null', mime='null', charset=UTF-8}
2025-12-02 15:22:36,651 INFO  [org.fug.jav.doc.fre.pro.FreemarkerDocProcessConfigFacade] (Thread-42) loadConfigSafe config path : cl://fj_doc_freemarker_config/fm-freemarker-doc-process-config.xml
2025-12-02 15:22:36,654 INFO  [org.fug.jav.doc.fre.pro.FreemarkerDocProcessConfigFacade] (Thread-42) setupGeneralAttribute : name : validating value : 
2025-12-02 15:22:36,654 INFO  [org.fug.jav.doc.fre.pro.FreemarkerDocProcessConfigFacade] (Thread-42) setupGeneralAttribute : name : failOnValidate value : 
2025-12-02 15:22:36,655 INFO  [org.fug.jav.doc.fre.pro.FreemarkerDocProcessConfigFacade] (Thread-42) setupGeneralAttribute : name : cleanSource value : 
2025-12-02 15:22:36,655 INFO  [org.fug.jav.doc.fre.pro.FreemarkerDocProcessConfigFacade] (Thread-42) setupGeneralAttribute : name : table-check-integrity value : 
2025-12-02 15:22:36,656 INFO  [org.fug.jav.doc.fre.pro.FreemarkerDocProcessConfigFacade] (Thread-42) docHandlerList -> 8
2025-12-02 15:22:36,656 INFO  [org.fug.jav.doc.fre.pro.FreemarkerDocProcessConfigFacade] (Thread-42) factoryType : [docHandler: null] , resultType : org.fugerit.java.doc.base.typehandler.markdown.SimpleMarkdownExtTypeHandler
2025-12-02 15:22:36,656 INFO  [org.fug.jav.doc.fre.pro.FreemarkerDocProcessConfigFacade] (Thread-42) ConfigurableObject -> try configure()
2025-12-02 15:22:36,656 INFO  [org.fug.jav.doc.bas.con.DocTypeHandlerDefault] (Thread-42) configure : md-ext
2025-12-02 15:22:36,656 INFO  [org.fug.jav.doc.fre.pro.FreemarkerDocProcessConfigFacade] (Thread-42) register handler id md-ext, handler SimpleMarkdownExtTypeHandler{customId='0d6b8a49-017d-46ac-85c6-f055464b14ab', type='md', module='markdown', format='null', mime='text/x-markdown', charset=UTF-8}
2025-12-02 15:22:36,657 INFO  [org.fug.jav.doc.bas.fac.DocHandlerFacade] (Thread-42) Registering handler with id md-markdown : org.fugerit.java.doc.base.typehandler.markdown.SimpleMarkdownExtTypeHandler
2025-12-02 15:22:36,657 INFO  [org.fug.jav.doc.bas.fac.DocHandlerFacade] (Thread-42) Registering handler with id md : org.fugerit.java.doc.base.typehandler.markdown.SimpleMarkdownExtTypeHandler
2025-12-02 15:22:36,657 INFO  [org.fug.jav.doc.bas.fac.DocHandlerFacade] (Thread-42) list keys current -> SimpleMarkdownExtTypeHandler{customId='0d6b8a49-017d-46ac-85c6-f055464b14ab', type='md', module='markdown', format='null', mime='text/x-markdown', charset=UTF-8} : list [md, md-markdown, md-ext]
2025-12-02 15:22:36,657 INFO  [org.fug.jav.doc.fre.pro.FreemarkerDocProcessConfigFacade] (Thread-42) factoryType : [docHandler: null] , resultType : org.fugerit.java.doc.base.config.DocTypeHandlerXMLUTF8
2025-12-02 15:22:36,658 INFO  [org.fug.jav.doc.bas.con.InitHandler] (Thread-45) Init handler time DocTypeHandlerCoreXMLUTF8{customId='cb7714fd-3583-4059-a83b-76e0948a836f', type='xml', module='doc-core', format='null', mime='null', charset=UTF-8} -> 7 ms
2025-12-02 15:22:36,658 INFO  [org.fug.jav.doc.bas.con.InitHandler] (Thread-45) Init handler end : DocTypeHandlerCoreXMLUTF8{customId='cb7714fd-3583-4059-a83b-76e0948a836f', type='xml', module='doc-core', format='null', mime='null', charset=UTF-8} -> true
2025-12-02 15:22:36,659 INFO  [org.fug.jav.doc.fre.pro.FreemarkerDocProcessConfigFacade] (Thread-42) ConfigurableObject -> try configure()
2025-12-02 15:22:36,659 INFO  [org.fug.jav.doc.bas.con.DocTypeHandlerDefault] (Thread-42) configure : xml-doc
2025-12-02 15:22:36,659 INFO  [org.fug.jav.doc.fre.pro.FreemarkerDocProcessConfigFacade] (Thread-42) register handler id xml-doc, handler DocTypeHandlerXMLUTF8{customId='5c91ac32-cf86-40fc-97f4-959ce359180e', type='xml', module='doc', format='null', mime='null', charset=UTF-8}
2025-12-02 15:22:36,659 INFO  [org.fug.jav.doc.bas.fac.DocHandlerFacade] (Thread-42) Registering handler with id xml-doc : org.fugerit.java.doc.base.config.DocTypeHandlerXMLUTF8
2025-12-02 15:22:36,659 INFO  [org.fug.jav.doc.bas.fac.DocHandlerFacade] (Thread-42) Registering handler with id xml : org.fugerit.java.doc.base.config.DocTypeHandlerXMLUTF8
2025-12-02 15:22:36,660 INFO  [org.fug.jav.doc.bas.fac.DocHandlerFacade] (Thread-42) list keys current -> DocTypeHandlerXMLUTF8{customId='5c91ac32-cf86-40fc-97f4-959ce359180e', type='xml', module='doc', format='null', mime='null', charset=UTF-8} : list [xml-doc, xml, md, md-markdown, md-ext]
2025-12-02 15:22:36,660 INFO  [org.fug.jav.doc.fre.pro.FreemarkerDocProcessConfigFacade] (Thread-42) factoryType : [docHandler: null] , resultType : org.fugerit.java.doc.freemarker.html.FreeMarkerHtmlTypeHandlerEscapeUTF8
2025-12-02 15:22:36,660 INFO  [org.fug.jav.doc.fre.pro.FreemarkerDocProcessConfigFacade] (Thread-42) ConfigurableObject -> try configure()
2025-12-02 15:22:36,660 INFO  [org.fug.jav.doc.bas.con.DocTypeHandlerDefault] (Thread-42) configure : html-fm
2025-12-02 15:22:36,660 INFO  [org.fug.jav.doc.fre.pro.FreemarkerDocProcessConfigFacade] (Thread-42) register handler id html-fm, handler FreeMarkerHtmlTypeHandlerEscapeUTF8{customId='03664ee1-a4f7-4452-82cf-bcd9c2eb021b', type='html', module='fm', format='null', mime='text/html', charset=UTF-8}
2025-12-02 15:22:36,660 INFO  [org.fug.jav.doc.bas.fac.DocHandlerFacade] (Thread-42) Registering handler with id html-fm : org.fugerit.java.doc.freemarker.html.FreeMarkerHtmlTypeHandlerEscapeUTF8
2025-12-02 15:22:36,660 INFO  [org.fug.jav.doc.bas.fac.DocHandlerFacade] (Thread-42) Registering handler with id html : org.fugerit.java.doc.freemarker.html.FreeMarkerHtmlTypeHandlerEscapeUTF8
2025-12-02 15:22:36,661 INFO  [org.fug.jav.doc.bas.fac.DocHandlerFacade] (Thread-42) list keys current -> FreeMarkerHtmlTypeHandlerEscapeUTF8{customId='03664ee1-a4f7-4452-82cf-bcd9c2eb021b', type='html', module='fm', format='null', mime='text/html', charset=UTF-8} : list [xml-doc, html-fm, xml, md, md-markdown, html, md-ext]
2025-12-02 15:22:36,661 INFO  [org.fug.jav.doc.fre.pro.FreemarkerDocProcessConfigFacade] (Thread-42) factoryType : [docHandler: null] , resultType : org.fugerit.java.doc.freemarker.html.FreeMarkerHtmlFragmentTypeHandlerEscapeUTF8
2025-12-02 15:22:36,661 INFO  [org.fug.jav.doc.fre.pro.FreemarkerDocProcessConfigFacade] (Thread-42) ConfigurableObject -> try configure()
2025-12-02 15:22:36,661 INFO  [org.fug.jav.doc.bas.con.DocTypeHandlerDefault] (Thread-42) configure : html-fragment-fm
2025-12-02 15:22:36,661 INFO  [org.fug.jav.doc.fre.pro.FreemarkerDocProcessConfigFacade] (Thread-42) register handler id html-fragment-fm, handler FreeMarkerHtmlFragmentTypeHandlerEscapeUTF8{customId='36560a2e-cf94-40f8-8a19-3960b2a5687e', type='fhtml', module='fm', format='null', mime='text/html', charset=UTF-8}
2025-12-02 15:22:36,661 INFO  [org.fug.jav.doc.bas.fac.DocHandlerFacade] (Thread-42) Registering handler with id fhtml-fm : org.fugerit.java.doc.freemarker.html.FreeMarkerHtmlFragmentTypeHandlerEscapeUTF8
2025-12-02 15:22:36,661 INFO  [org.fug.jav.doc.bas.fac.DocHandlerFacade] (Thread-42) Registering handler with id fhtml : org.fugerit.java.doc.freemarker.html.FreeMarkerHtmlFragmentTypeHandlerEscapeUTF8
2025-12-02 15:22:36,661 INFO  [org.fug.jav.doc.bas.fac.DocHandlerFacade] (Thread-42) list keys current -> FreeMarkerHtmlFragmentTypeHandlerEscapeUTF8{customId='36560a2e-cf94-40f8-8a19-3960b2a5687e', type='fhtml', module='fm', format='null', mime='text/html', charset=UTF-8} : list [fhtml-fm, xml-doc, html-fm, xml, md, md-markdown, html, md-ext, html-fragment-fm, fhtml]
2025-12-02 15:22:36,661 INFO  [org.fug.jav.doc.fre.pro.FreemarkerDocProcessConfigFacade] (Thread-42) factoryType : [docHandler: null] , resultType : org.fugerit.java.doc.freemarker.asciidoc.FreeMarkerAsciidocTypeHandlerUTF8
2025-12-02 15:22:36,661 INFO  [org.fug.jav.doc.fre.pro.FreemarkerDocProcessConfigFacade] (Thread-42) ConfigurableObject -> try configure()
2025-12-02 15:22:36,661 INFO  [org.fug.jav.doc.bas.con.DocTypeHandlerDefault] (Thread-42) configure : asoc-fm
2025-12-02 15:22:36,662 INFO  [org.fug.jav.doc.fre.pro.FreemarkerDocProcessConfigFacade] (Thread-42) register handler id asoc-fm, handler FreeMarkerAsciidocTypeHandlerUTF8{customId='8d424b01-f1ca-4ba6-aa63-2f323d12f735', type='adoc', module='fm', format='null', mime='text/html', charset=UTF-8}
2025-12-02 15:22:36,662 INFO  [org.fug.jav.doc.bas.fac.DocHandlerFacade] (Thread-42) Registering handler with id adoc-fm : org.fugerit.java.doc.freemarker.asciidoc.FreeMarkerAsciidocTypeHandlerUTF8
2025-12-02 15:22:36,662 INFO  [org.fug.jav.doc.bas.fac.DocHandlerFacade] (Thread-42) Registering handler with id adoc : org.fugerit.java.doc.freemarker.asciidoc.FreeMarkerAsciidocTypeHandlerUTF8
2025-12-02 15:22:36,662 INFO  [org.fug.jav.doc.bas.fac.DocHandlerFacade] (Thread-42) list keys current -> FreeMarkerAsciidocTypeHandlerUTF8{customId='8d424b01-f1ca-4ba6-aa63-2f323d12f735', type='adoc', module='fm', format='null', mime='text/html', charset=UTF-8} : list [fhtml-fm, html-fm, md-markdown, asoc-fm, xml-doc, xml, md, adoc-fm, html, adoc, md-ext, html-fragment-fm, fhtml]
2025-12-02 15:22:36,662 INFO  [org.fug.jav.doc.fre.pro.FreemarkerDocProcessConfigFacade] (Thread-42) factoryType : [docHandler: null] , resultType : org.fugerit.java.doc.mod.fop.PdfFopTypeHandler
2025-12-02 15:22:36,662 INFO  [org.fug.jav.doc.fre.pro.FreemarkerDocProcessConfigFacade] (Thread-42) ConfigurableObject -> try configure()
2025-12-02 15:22:36,662 INFO  [org.fug.jav.doc.bas.con.DocTypeHandlerDefault] (Thread-42) configure : pdf-fop
2025-12-02 15:22:36,662 INFO  [org.fug.jav.doc.fre.pro.FreemarkerDocProcessConfigFacade] (Thread-42) register handler id pdf-fop, handler PdfFopTypeHandler{customId='77b1f03e-2392-4bcc-a9d4-867e36fa7bbc', type='pdf', module='fop', format='null', mime='null', charset=UTF-8}[pdfAmode=null,pdfUAmode=,null,poolMin=0,poolMax=0]
2025-12-02 15:22:36,662 INFO  [org.fug.jav.doc.bas.fac.DocHandlerFacade] (Thread-42) Registering handler with id pdf-fop : org.fugerit.java.doc.mod.fop.PdfFopTypeHandler
2025-12-02 15:22:36,662 INFO  [org.fug.jav.doc.bas.fac.DocHandlerFacade] (Thread-42) Registering handler with id pdf : org.fugerit.java.doc.mod.fop.PdfFopTypeHandler
2025-12-02 15:22:36,662 INFO  [org.fug.jav.doc.bas.fac.DocHandlerFacade] (Thread-42) list keys current -> PdfFopTypeHandler{customId='77b1f03e-2392-4bcc-a9d4-867e36fa7bbc', type='pdf', module='fop', format='null', mime='null', charset=UTF-8}[pdfAmode=null,pdfUAmode=,null,poolMin=0,poolMax=0] : list [fhtml-fm, html-fm, md-markdown, asoc-fm, xml-doc, pdf, xml, md, adoc-fm, html, adoc, md-ext, pdf-fop, html-fragment-fm, fhtml]
2025-12-02 15:22:36,663 INFO  [org.fug.jav.doc.fre.pro.FreemarkerDocProcessConfigFacade] (Thread-42) factoryType : [docHandler: null] , resultType : org.fugerit.java.doc.mod.poi.XlsxPoiTypeHandler
2025-12-02 15:22:36,663 WARN  [org.fug.jav.cor.cfg.hel.UnsafeHelper] (Thread-42) Error handling unsafe section org.fugerit.java.core.cfg.ConfigException: Type cannot be loaded : java.lang.ClassNotFoundException: org.fugerit.java.doc.mod.poi.XlsxPoiTypeHandler [trace suppressed, set unsafe-mode='log-trace' to show]
2025-12-02 15:22:36,663 INFO  [org.fug.jav.doc.fre.pro.FreemarkerDocProcessConfigFacade] (Thread-42) factoryType : [docHandler: null] , resultType : org.fugerit.java.doc.mod.opencsv.OpenCSVTypeHandler
2025-12-02 15:22:36,664 WARN  [org.fug.jav.cor.cfg.hel.UnsafeHelper] (Thread-42) Error handling unsafe section org.fugerit.java.core.cfg.ConfigException: Type cannot be loaded : java.lang.ClassNotFoundException: org.fugerit.java.doc.mod.opencsv.OpenCSVTypeHandler [trace suppressed, set unsafe-mode='log-trace' to show]
2025-12-02 15:22:36,664 INFO  [org.fug.jav.doc.fre.pro.FreemarkerDocProcessConfigFacade] (Thread-42) loadConfig ok : org.fugerit.java.doc.freemarker.process.FreemarkerDocProcessConfig@48282372
2025-12-02 15:22:36,668 INFO  [org.fug.jav.doc.bas.con.InitHandler] (Thread-43) Init handler time SimpleMarkdownExtTypeHandler{customId='f60921e4-eadc-4475-ab19-e3f96e47e14c', type='md', module='markdown', format='null', mime='text/x-markdown', charset=UTF-8} -> 17 ms
2025-12-02 15:22:36,668 INFO  [org.fug.jav.doc.bas.con.InitHandler] (Thread-43) Init handler end : SimpleMarkdownExtTypeHandler{customId='f60921e4-eadc-4475-ab19-e3f96e47e14c', type='md', module='markdown', format='null', mime='text/x-markdown', charset=UTF-8} -> true
2025-12-02 15:22:36,670 INFO  [org.fug.jav.cor.uti.fil.MiniFilterBase] (Thread-41) FreeMarkerConfigStep INIT - config = {mode=class, path=/fj_doc_freemarker_config/template/, load-bundled-functions=false, exception-handler=RETHROW_HANDLER, fallback-on-null-loop-variable=false, wrap-unchecked-exceptions=true, log-exception=false, version=2.3.29, class=org.fugerit.java.doc.freemarker.process.DocChainModel}
2025-12-02 15:22:36,670 INFO  [org.fug.jav.cor.uti.fil.MiniFilterBase] (Thread-44) FreeMarkerConfigStep INIT - config = {mode=class, path=/fj_doc_freemarker_config/template/, load-bundled-functions=false, exception-handler=RETHROW_HANDLER, fallback-on-null-loop-variable=false, wrap-unchecked-exceptions=true, log-exception=false, version=2.3.29, class=org.fugerit.java.doc.freemarker.process.DocChainModel}
2025-12-02 15:22:36,670 INFO  [org.fug.jav.cor.uti.fil.MiniFilterBase] (Thread-40) FreeMarkerConfigStep INIT - config = {mode=class, path=/fj_doc_mod_fop_config/template/, load-bundled-functions=false, exception-handler=RETHROW_HANDLER, fallback-on-null-loop-variable=false, wrap-unchecked-exceptions=true, log-exception=false, version=2.3.29, class=org.fugerit.java.doc.mod.fop.FopConfigDefault}
2025-12-02 15:22:36,670 INFO  [org.fug.jav.cor.uti.fil.MiniFilterBase] (Thread-42) FreeMarkerConfigStep INIT - config = {mode=class, path=/fj_doc_freemarker_config/template/, load-bundled-functions=false, exception-handler=RETHROW_HANDLER, fallback-on-null-loop-variable=false, wrap-unchecked-exceptions=true, log-exception=false, version=2.3.29, class=org.fugerit.java.doc.freemarker.process.DocChainModel}
2025-12-02 15:22:36,738 INFO  [io.quarkus] (main) unit-test-demo-app 1.1.0 on JVM (powered by Quarkus 3.29.1) started in 2.285s. Listening on: http://localhost:8081
2025-12-02 15:22:36,738 INFO  [io.quarkus] (main) Profile test activated. 
2025-12-02 15:22:36,738 INFO  [io.quarkus] (main) Installed features: [cdi, config-yaml, jacoco, rest, rest-jackson, security, smallrye-context-propagation, smallrye-jwt, smallrye-openapi, swagger-ui, vertx]
2025-12-02 15:22:36,800 INFO  [org.fug.jav.doc.bas.con.InitHandler] (Thread-41) Init handler time FreeMarkerAsciidocTypeHandlerUTF8{customId='a5275f71-74d1-4e3f-b4d2-f65004829f47', type='adoc', module='fm', format='null', mime='text/html', charset=UTF-8} -> 148 ms
2025-12-02 15:22:36,800 INFO  [org.fug.jav.doc.bas.con.InitHandler] (Thread-41) Init handler end : FreeMarkerAsciidocTypeHandlerUTF8{customId='a5275f71-74d1-4e3f-b4d2-f65004829f47', type='adoc', module='fm', format='null', mime='text/html', charset=UTF-8} -> true
2025-12-02 15:22:36,801 INFO  [org.fug.jav.doc.bas.con.InitHandler] (Thread-44) Init handler time FreeMarkerHtmlFragmentTypeHandlerEscapeUTF8{customId='2e3fdf36-36ac-42bc-9551-671cb2b36204', type='fhtml', module='fm', format='null', mime='text/html', charset=UTF-8} -> 150 ms
2025-12-02 15:22:36,801 INFO  [org.fug.jav.doc.bas.con.InitHandler] (Thread-44) Init handler end : FreeMarkerHtmlFragmentTypeHandlerEscapeUTF8{customId='2e3fdf36-36ac-42bc-9551-671cb2b36204', type='fhtml', module='fm', format='null', mime='text/html', charset=UTF-8} -> true
2025-12-02 15:22:36,801 INFO  [org.fug.jav.doc.bas.con.InitHandler] (Thread-42) Init handler time FreeMarkerHtmlTypeHandlerEscapeUTF8{customId='c0b183ab-7738-40d7-b194-21993ff25f54', type='html', module='fm', format='null', mime='text/html', charset=UTF-8} -> 151 ms
2025-12-02 15:22:36,801 INFO  [org.fug.jav.doc.bas.con.InitHandler] (Thread-42) Init handler end : FreeMarkerHtmlTypeHandlerEscapeUTF8{customId='c0b183ab-7738-40d7-b194-21993ff25f54', type='html', module='fm', format='null', mime='text/html', charset=UTF-8} -> true
2025-12-02 15:22:37,129 INFO  [org.apa.fop.app.FOUserAgent] (Thread-40) Rendered page #1.
2025-12-02 15:22:37,132 INFO  [org.fug.jav.doc.bas.con.InitHandler] (Thread-40) Init handler time PdfFopTypeHandler{customId='610808e9-1eba-4fa9-b7fa-3eaacf0ff5ca', type='pdf', module='fop', format='null', mime='null', charset=UTF-8}[pdfAmode=null,pdfUAmode=,null,poolMin=0,poolMax=0] -> 481 ms
2025-12-02 15:22:37,132 INFO  [org.fug.jav.doc.bas.con.InitHandler] (Thread-40) Init handler end : PdfFopTypeHandler{customId='610808e9-1eba-4fa9-b7fa-3eaacf0ff5ca', type='pdf', module='fop', format='null', mime='null', charset=UTF-8}[pdfAmode=null,pdfUAmode=,null,poolMin=0,poolMax=0] -> true
2025-12-02 15:22:37,598 INFO  [org.fug.jav.dem.uni.aut.AuthInterceptor] (executor-thread-1) check roles [EnumRoles{code='admin', id='1', description='Amministratore'}, EnumRoles{code='user', id='2', description='Utente'}]
2025-12-02 15:22:37,598 INFO  [org.fug.jav.dem.uni.aut.AuthInterceptor] (executor-thread-1) user  roles [EnumRoles{code='user', id='2', description='Utente'}]
2025-12-02 15:22:37,618 INFO  [org.fug.jav.dem.uni.DocResource] (executor-thread-1) processDocument handlerId : html
2025-12-02 15:22:37,618 INFO  [org.fug.jav.cor.uti.fil.MiniFilterBase] (executor-thread-1) FreeMarkerConfigStep INIT - config = {mode=class, path=/unit-test-demo-app/template/, load-bundled-functions=true, exception-handler=RETHROW_HANDLER, fallback-on-null-loop-variable=false, wrap-unchecked-exceptions=true, log-exception=false, version=2.3.32, class=org.fugerit.java.demo.unittestdemoapp.DocHelper}
2025-12-02 15:22:37,619 INFO  [org.fug.jav.doc.fre.pro.FreemarkerDocProcessConfigFacade] (executor-thread-1) loadConfigSafe config path : cl://unit-test-demo-app/fm-doc-process-config.xml
2025-12-02 15:22:37,620 INFO  [org.fug.jav.doc.fre.pro.FreemarkerDocProcessConfigFacade] (executor-thread-1) setupGeneralAttribute : name : validating value : 
2025-12-02 15:22:37,620 INFO  [org.fug.jav.doc.fre.pro.FreemarkerDocProcessConfigFacade] (executor-thread-1) setupGeneralAttribute : name : failOnValidate value : 
2025-12-02 15:22:37,620 INFO  [org.fug.jav.doc.fre.pro.FreemarkerDocProcessConfigFacade] (executor-thread-1) setupGeneralAttribute : name : cleanSource value : 
2025-12-02 15:22:37,621 INFO  [org.fug.jav.doc.fre.pro.FreemarkerDocProcessConfigFacade] (executor-thread-1) setupGeneralAttribute : name : table-check-integrity value : 
2025-12-02 15:22:37,621 INFO  [org.fug.jav.doc.fre.pro.FreemarkerDocProcessConfigFacade] (executor-thread-1) docHandlerList -> 6
2025-12-02 15:22:37,621 INFO  [org.fug.jav.doc.fre.pro.FreemarkerDocProcessConfigFacade] (executor-thread-1) factoryType : [docHandler: null] , resultType : org.fugerit.java.doc.base.typehandler.markdown.SimpleMarkdownExtTypeHandler
2025-12-02 15:22:37,621 INFO  [org.fug.jav.doc.fre.pro.FreemarkerDocProcessConfigFacade] (executor-thread-1) ConfigurableObject -> try configure()
2025-12-02 15:22:37,621 INFO  [org.fug.jav.doc.bas.con.DocTypeHandlerDefault] (executor-thread-1) configure : md-ext
2025-12-02 15:22:37,621 INFO  [org.fug.jav.doc.fre.pro.FreemarkerDocProcessConfigFacade] (executor-thread-1) register handler id md-ext, handler SimpleMarkdownExtTypeHandler{customId='b1f5d73e-e014-4e7a-a331-3a18203f1fe8', type='md', module='markdown', format='null', mime='text/x-markdown', charset=UTF-8}
2025-12-02 15:22:37,621 INFO  [org.fug.jav.doc.bas.fac.DocHandlerFacade] (executor-thread-1) Registering handler with id md-markdown : org.fugerit.java.doc.base.typehandler.markdown.SimpleMarkdownExtTypeHandler
2025-12-02 15:22:37,621 INFO  [org.fug.jav.doc.bas.fac.DocHandlerFacade] (executor-thread-1) Registering handler with id md : org.fugerit.java.doc.base.typehandler.markdown.SimpleMarkdownExtTypeHandler
2025-12-02 15:22:37,621 INFO  [org.fug.jav.doc.bas.fac.DocHandlerFacade] (executor-thread-1) list keys current -> SimpleMarkdownExtTypeHandler{customId='b1f5d73e-e014-4e7a-a331-3a18203f1fe8', type='md', module='markdown', format='null', mime='text/x-markdown', charset=UTF-8} : list [md, md-markdown, md-ext]
2025-12-02 15:22:37,621 INFO  [org.fug.jav.doc.fre.pro.FreemarkerDocProcessConfigFacade] (executor-thread-1) factoryType : [docHandler: null] , resultType : org.fugerit.java.doc.base.typehandler.core.DocTypeHandlerCoreXMLUTF8
2025-12-02 15:22:37,621 INFO  [org.fug.jav.doc.fre.pro.FreemarkerDocProcessConfigFacade] (executor-thread-1) ConfigurableObject -> try configure()
2025-12-02 15:22:37,621 INFO  [org.fug.jav.doc.bas.con.DocTypeHandlerDefault] (executor-thread-1) configure : xml-doc
2025-12-02 15:22:37,621 INFO  [org.fug.jav.doc.fre.pro.FreemarkerDocProcessConfigFacade] (executor-thread-1) register handler id xml-doc, handler DocTypeHandlerCoreXMLUTF8{customId='3e82c632-a9f5-4b67-8a82-71b663b2b2bc', type='xml', module='doc-core', format='null', mime='null', charset=UTF-8}
2025-12-02 15:22:37,622 INFO  [org.fug.jav.doc.bas.fac.DocHandlerFacade] (executor-thread-1) Registering handler with id xml-doc-core : org.fugerit.java.doc.base.typehandler.core.DocTypeHandlerCoreXMLUTF8
2025-12-02 15:22:37,622 INFO  [org.fug.jav.doc.bas.fac.DocHandlerFacade] (executor-thread-1) Registering handler with id xml : org.fugerit.java.doc.base.typehandler.core.DocTypeHandlerCoreXMLUTF8
2025-12-02 15:22:37,622 INFO  [org.fug.jav.doc.bas.fac.DocHandlerFacade] (executor-thread-1) list keys current -> DocTypeHandlerCoreXMLUTF8{customId='3e82c632-a9f5-4b67-8a82-71b663b2b2bc', type='xml', module='doc-core', format='null', mime='null', charset=UTF-8} : list [xml-doc-core, xml-doc, xml, md, md-markdown, md-ext]
2025-12-02 15:22:37,622 INFO  [org.fug.jav.doc.fre.pro.FreemarkerDocProcessConfigFacade] (executor-thread-1) factoryType : [docHandler: null] , resultType : org.fugerit.java.doc.freemarker.html.FreeMarkerHtmlTypeHandlerEscapeUTF8
2025-12-02 15:22:37,622 INFO  [org.fug.jav.doc.fre.pro.FreemarkerDocProcessConfigFacade] (executor-thread-1) ConfigurableObject -> try configure()
2025-12-02 15:22:37,622 INFO  [org.fug.jav.doc.bas.con.DocTypeHandlerDefault] (executor-thread-1) configure : html-fm
2025-12-02 15:22:37,622 INFO  [org.fug.jav.doc.fre.pro.FreemarkerDocProcessConfigFacade] (executor-thread-1) register handler id html-fm, handler FreeMarkerHtmlTypeHandlerEscapeUTF8{customId='fe85018e-779e-4ce9-a766-0d01b01cec6a', type='html', module='fm', format='null', mime='text/html', charset=UTF-8}
2025-12-02 15:22:37,622 INFO  [org.fug.jav.doc.bas.fac.DocHandlerFacade] (executor-thread-1) Registering handler with id html-fm : org.fugerit.java.doc.freemarker.html.FreeMarkerHtmlTypeHandlerEscapeUTF8
2025-12-02 15:22:37,622 INFO  [org.fug.jav.doc.bas.fac.DocHandlerFacade] (executor-thread-1) Registering handler with id html : org.fugerit.java.doc.freemarker.html.FreeMarkerHtmlTypeHandlerEscapeUTF8
2025-12-02 15:22:37,622 INFO  [org.fug.jav.doc.bas.fac.DocHandlerFacade] (executor-thread-1) list keys current -> FreeMarkerHtmlTypeHandlerEscapeUTF8{customId='fe85018e-779e-4ce9-a766-0d01b01cec6a', type='html', module='fm', format='null', mime='text/html', charset=UTF-8} : list [xml-doc-core, xml-doc, html-fm, xml, md, md-markdown, html, md-ext]
2025-12-02 15:22:37,622 INFO  [org.fug.jav.doc.fre.pro.FreemarkerDocProcessConfigFacade] (executor-thread-1) factoryType : [docHandler: null] , resultType : org.fugerit.java.doc.freemarker.html.FreeMarkerHtmlFragmentTypeHandlerEscapeUTF8
2025-12-02 15:22:37,622 INFO  [org.fug.jav.doc.fre.pro.FreemarkerDocProcessConfigFacade] (executor-thread-1) ConfigurableObject -> try configure()
2025-12-02 15:22:37,622 INFO  [org.fug.jav.doc.bas.con.DocTypeHandlerDefault] (executor-thread-1) configure : html-fragment-fm
2025-12-02 15:22:37,622 INFO  [org.fug.jav.doc.fre.pro.FreemarkerDocProcessConfigFacade] (executor-thread-1) register handler id html-fragment-fm, handler FreeMarkerHtmlFragmentTypeHandlerEscapeUTF8{customId='c57a83c6-ca93-429c-9801-7db345d79f87', type='fhtml', module='fm', format='null', mime='text/html', charset=UTF-8}
2025-12-02 15:22:37,622 INFO  [org.fug.jav.doc.bas.fac.DocHandlerFacade] (executor-thread-1) Registering handler with id fhtml-fm : org.fugerit.java.doc.freemarker.html.FreeMarkerHtmlFragmentTypeHandlerEscapeUTF8
2025-12-02 15:22:37,623 INFO  [org.fug.jav.doc.bas.fac.DocHandlerFacade] (executor-thread-1) Registering handler with id fhtml : org.fugerit.java.doc.freemarker.html.FreeMarkerHtmlFragmentTypeHandlerEscapeUTF8
2025-12-02 15:22:37,623 INFO  [org.fug.jav.doc.bas.fac.DocHandlerFacade] (executor-thread-1) list keys current -> FreeMarkerHtmlFragmentTypeHandlerEscapeUTF8{customId='c57a83c6-ca93-429c-9801-7db345d79f87', type='fhtml', module='fm', format='null', mime='text/html', charset=UTF-8} : list [xml-doc-core, fhtml-fm, xml-doc, html-fm, xml, md, md-markdown, html, md-ext, html-fragment-fm, fhtml]
2025-12-02 15:22:37,623 INFO  [org.fug.jav.doc.fre.pro.FreemarkerDocProcessConfigFacade] (executor-thread-1) factoryType : [docHandler: null] , resultType : org.fugerit.java.doc.freemarker.asciidoc.FreeMarkerAsciidocTypeHandlerUTF8
2025-12-02 15:22:37,623 INFO  [org.fug.jav.doc.fre.pro.FreemarkerDocProcessConfigFacade] (executor-thread-1) ConfigurableObject -> try configure()
2025-12-02 15:22:37,623 INFO  [org.fug.jav.doc.bas.con.DocTypeHandlerDefault] (executor-thread-1) configure : asciidoc-fm
2025-12-02 15:22:37,623 INFO  [org.fug.jav.doc.fre.pro.FreemarkerDocProcessConfigFacade] (executor-thread-1) register handler id asciidoc-fm, handler FreeMarkerAsciidocTypeHandlerUTF8{customId='cb435270-4f5c-488b-bf95-f77b6fe8d6a8', type='adoc', module='fm', format='null', mime='text/html', charset=UTF-8}
2025-12-02 15:22:37,623 INFO  [org.fug.jav.doc.bas.fac.DocHandlerFacade] (executor-thread-1) Registering handler with id adoc-fm : org.fugerit.java.doc.freemarker.asciidoc.FreeMarkerAsciidocTypeHandlerUTF8
2025-12-02 15:22:37,623 INFO  [org.fug.jav.doc.bas.fac.DocHandlerFacade] (executor-thread-1) Registering handler with id adoc : org.fugerit.java.doc.freemarker.asciidoc.FreeMarkerAsciidocTypeHandlerUTF8
2025-12-02 15:22:37,623 INFO  [org.fug.jav.doc.bas.fac.DocHandlerFacade] (executor-thread-1) list keys current -> FreeMarkerAsciidocTypeHandlerUTF8{customId='cb435270-4f5c-488b-bf95-f77b6fe8d6a8', type='adoc', module='fm', format='null', mime='text/html', charset=UTF-8} : list [xml-doc-core, fhtml-fm, html-fm, md-markdown, xml-doc, xml, md, adoc-fm, asciidoc-fm, html, adoc, md-ext, html-fragment-fm, fhtml]
2025-12-02 15:22:37,624 INFO  [org.fug.jav.doc.fre.pro.FreemarkerDocProcessConfigFacade] (executor-thread-1) factoryType : [docHandler: null] , resultType : org.fugerit.java.doc.mod.fop.PdfFopTypeHandler
2025-12-02 15:22:37,624 INFO  [org.fug.jav.doc.fre.pro.FreemarkerDocProcessConfigFacade] (executor-thread-1) ConfigurableObject -> try configure()
2025-12-02 15:22:37,624 INFO  [org.fug.jav.doc.bas.con.DocTypeHandlerDefault] (executor-thread-1) configure : pdf-fop
2025-12-02 15:22:37,624 INFO  [org.fug.jav.doc.fre.pro.FreemarkerDocProcessConfigFacade] (executor-thread-1) register handler id pdf-fop, handler PdfFopTypeHandler{customId='d91d68a0-5ac6-4b6c-a61b-12db1665ed02', type='pdf', module='fop', format='null', mime='null', charset=UTF-8}[pdfAmode=null,pdfUAmode=,null,poolMin=0,poolMax=0]
2025-12-02 15:22:37,624 INFO  [org.fug.jav.doc.bas.fac.DocHandlerFacade] (executor-thread-1) Registering handler with id pdf-fop : org.fugerit.java.doc.mod.fop.PdfFopTypeHandler
2025-12-02 15:22:37,624 INFO  [org.fug.jav.doc.bas.fac.DocHandlerFacade] (executor-thread-1) Registering handler with id pdf : org.fugerit.java.doc.mod.fop.PdfFopTypeHandler
2025-12-02 15:22:37,624 INFO  [org.fug.jav.doc.bas.fac.DocHandlerFacade] (executor-thread-1) list keys current -> PdfFopTypeHandler{customId='d91d68a0-5ac6-4b6c-a61b-12db1665ed02', type='pdf', module='fop', format='null', mime='null', charset=UTF-8}[pdfAmode=null,pdfUAmode=,null,poolMin=0,poolMax=0] : list [xml-doc-core, fhtml-fm, html-fm, md-markdown, xml-doc, pdf, xml, md, adoc-fm, asciidoc-fm, html, adoc, md-ext, pdf-fop, html-fragment-fm, fhtml]
2025-12-02 15:22:37,625 INFO  [org.fug.jav.doc.fre.pro.FreemarkerDocProcessConfigFacade] (executor-thread-1) loadConfig ok : org.fugerit.java.doc.freemarker.process.FreemarkerDocProcessConfig@5319968
]]></system-out>
    <system-err><![CDATA[SLF4J(W): Class path contains multiple SLF4J providers.
SLF4J(W): Found provider [org.slf4j.impl.JBossSlf4jServiceProvider@2a075e70]
SLF4J(W): Found provider [org.slf4j.simple.SimpleServiceProvider@492c9892]
SLF4J(W): See https://www.slf4j.org/codes.html#multiple_bindings for an explanation.
SLF4J(I): Actual provider is of type [org.slf4j.impl.JBossSlf4jServiceProvider@2a075e70]
]]></system-err>
  </testcase>
  <testcase name="testHtml401NoAuthorizationBearer" classname="test.org.fugerit.java.demo.unittestdemoapp.DocResourceSicurezzaTest" time="0.025"/>
  <testcase name="testAsciiDocNoAuthorizationBearer" classname="test.org.fugerit.java.demo.unittestdemoapp.DocResourceSicurezzaTest" time="0.012"/>
  <testcase name="testPdfOkNoAdminRole" classname="test.org.fugerit.java.demo.unittestdemoapp.DocResourceSicurezzaTest" time="0.084">
    <system-out><![CDATA[2025-12-02 15:22:38,035 INFO  [org.fug.jav.dem.uni.aut.AuthInterceptor] (executor-thread-1) check roles [EnumRoles{code='admin', id='1', description='Amministratore'}, EnumRoles{code='user', id='2', description='Utente'}]
2025-12-02 15:22:38,035 INFO  [org.fug.jav.dem.uni.aut.AuthInterceptor] (executor-thread-1) user  roles [EnumRoles{code='user', id='2', description='Utente'}]
2025-12-02 15:22:38,035 INFO  [org.fug.jav.dem.uni.DocResource] (executor-thread-1) processDocument handlerId : pdf
2025-12-02 15:22:38,076 WARN  [org.apa.fop.app.FOUserAgent] (executor-thread-1) Font "Symbol,normal,700" not found. Substituting with "Symbol,normal,400".
2025-12-02 15:22:38,077 WARN  [org.apa.fop.app.FOUserAgent] (executor-thread-1) Font "ZapfDingbats,normal,700" not found. Substituting with "ZapfDingbats,normal,400".
2025-12-02 15:22:38,100 INFO  [org.apa.fop.app.FOUserAgent] (executor-thread-1) Rendered page #1.
]]></system-out>
  </testcase>
  <testcase name="testInvalidJwtPayload" classname="test.org.fugerit.java.demo.unittestdemoapp.DocResourceSicurezzaTest" time="0.025">
    <system-out><![CDATA[2025-12-02 15:22:38,120 ERROR [org.fug.jav.dem.uni.aut.JwtHelper] (executor-thread-1) Payload JWT Non valido: com.fasterxml.jackson.core.io.JsonEOFException: Unexpected end-of-input within/between Object entries
 at [Source: REDACTED (`StreamReadFeature.INCLUDE_SOURCE_IN_LOCATION` disabled); line: 1, column: 22]
	at com.fasterxml.jackson.core.base.ParserMinimalBase._reportInvalidEOF(ParserMinimalBase.java:643)
	at com.fasterxml.jackson.core.json.ReaderBasedJsonParser._skipColon2(ReaderBasedJsonParser.java:2372)
	at com.fasterxml.jackson.core.json.ReaderBasedJsonParser._skipColon(ReaderBasedJsonParser.java:2287)
	at com.fasterxml.jackson.core.json.ReaderBasedJsonParser.nextFieldName(ReaderBasedJsonParser.java:942)
	at com.fasterxml.jackson.databind.deser.std.MapDeserializer._readAndBindStringKeyMap(MapDeserializer.java:608)
	at com.fasterxml.jackson.databind.deser.std.MapDeserializer.deserialize(MapDeserializer.java:450)
	at com.fasterxml.jackson.databind.deser.std.MapDeserializer.deserialize(MapDeserializer.java:31)
	at com.fasterxml.jackson.databind.deser.DefaultDeserializationContext.readRootValue(DefaultDeserializationContext.java:342)
	at com.fasterxml.jackson.databind.ObjectMapper._readMapAndClose(ObjectMapper.java:5038)
	at com.fasterxml.jackson.databind.ObjectMapper.readValue(ObjectMapper.java:3954)
	at com.fasterxml.jackson.databind.ObjectMapper.readValue(ObjectMapper.java:3922)
	at org.fugerit.java.demo.unittestdemoapp.auth.JwtHelper.getSubjectWithoutVerification(JwtHelper.java:44)
	at org.fugerit.java.demo.unittestdemoapp.auth.JwtHelper_ClientProxy.getSubjectWithoutVerification(Unknown Source)
	at org.fugerit.java.demo.unittestdemoapp.auth.AuthInterceptor.check(AuthInterceptor.java:44)
	at org.fugerit.java.demo.unittestdemoapp.auth.AuthInterceptor_Bean.intercept(Unknown Source)
	at io.quarkus.arc.impl.InterceptorInvocation.invoke(InterceptorInvocation.java:42)
	at io.quarkus.arc.impl.AroundInvokeInvocationContext.perform(AroundInvokeInvocationContext.java:30)
	at io.quarkus.arc.impl.InvocationContexts.performAroundInvoke(InvocationContexts.java:27)
	at org.fugerit.java.demo.unittestdemoapp.DocResource_Subclass.markdownExample(Unknown Source)
	at org.fugerit.java.demo.unittestdemoapp.DocResource_ClientProxy.markdownExample(Unknown Source)
	at org.fugerit.java.demo.unittestdemoapp.DocResource$quarkusrestinvoker$markdownExample_c54b8a4971113d24c93bed52b8166e8b0ebfbd80.invoke(Unknown Source)
	at org.jboss.resteasy.reactive.server.handlers.InvocationHandler.handle(InvocationHandler.java:29)
	at io.quarkus.resteasy.reactive.server.runtime.QuarkusResteasyReactiveRequestContext.invokeHandler(QuarkusResteasyReactiveRequestContext.java:183)
	at org.jboss.resteasy.reactive.common.core.AbstractResteasyReactiveContext.run(AbstractResteasyReactiveContext.java:147)
	at io.quarkus.vertx.core.runtime.VertxCoreRecorder$15.runWith(VertxCoreRecorder.java:645)
	at org.jboss.threads.EnhancedQueueExecutor$Task.doRunWith(EnhancedQueueExecutor.java:2651)
	at org.jboss.threads.EnhancedQueueExecutor$Task.run(EnhancedQueueExecutor.java:2630)
	at org.jboss.threads.EnhancedQueueExecutor.runThreadBody(EnhancedQueueExecutor.java:1622)
	at org.jboss.threads.EnhancedQueueExecutor$ThreadBody.run(EnhancedQueueExecutor.java:1589)
	at org.jboss.threads.DelegatingRunnable.run(DelegatingRunnable.java:11)
	at org.jboss.threads.ThreadLocalResettingRunnable.run(ThreadLocalResettingRunnable.java:11)
	at io.netty.util.concurrent.FastThreadLocalRunnable.run(FastThreadLocalRunnable.java:30)
	at java.base/java.lang.Thread.run(Thread.java:1583)

]]></system-out>
  </testcase>
  <testcase name="testMarkdown403NoAdminRole" classname="test.org.fugerit.java.demo.unittestdemoapp.DocResourceSicurezzaTest" time="0.012">
    <system-out><![CDATA[2025-12-02 15:22:38,146 INFO  [org.fug.jav.dem.uni.aut.AuthInterceptor] (executor-thread-1) check roles [EnumRoles{code='admin', id='1', description='Amministratore'}]
2025-12-02 15:22:38,146 INFO  [org.fug.jav.dem.uni.aut.AuthInterceptor] (executor-thread-1) user  roles [EnumRoles{code='user', id='2', description='Utente'}]
]]></system-out>
  </testcase>
  <testcase name="testMarkdown401NoAuthorizationBearer" classname="test.org.fugerit.java.demo.unittestdemoapp.DocResourceSicurezzaTest" time="0.004">
    <error message="test" type="org.fugerit.java.core.cfg.ConfigRuntimeException"><![CDATA[org.fugerit.java.core.cfg.ConfigRuntimeException: test
	at test.org.fugerit.java.demo.unittestdemoapp.DocResourceSicurezzaTest.testMarkdown401NoAuthorizationBearer(DocResourceSicurezzaTest.java:60)
	at java.base/java.lang.reflect.Method.invoke(Method.java:580)
	at io.quarkus.test.junit.QuarkusTestExtension.runExtensionMethod(QuarkusTestExtension.java:998)
	at io.quarkus.test.junit.QuarkusTestExtension.interceptTestMethod(QuarkusTestExtension.java:846)
	at java.base/java.util.ArrayList.forEach(ArrayList.java:1596)
	at java.base/java.util.ArrayList.forEach(ArrayList.java:1596)
]]></error>
  </testcase>
  <testcase name="testInvalidJwt" classname="test.org.fugerit.java.demo.unittestdemoapp.DocResourceSicurezzaTest" time="0.012">
    <system-out><![CDATA[2025-12-02 15:22:38,164 ERROR [org.fug.jav.dem.uni.aut.JwtHelper] (executor-thread-1) JWT Non Valido
]]></system-out>
  </testcase>
</testsuite>