<?xml version="1.0" encoding="UTF-8"?>
<testsuite xmlns:xsi="http://www.w3.org/2001/XMLSchema-instance" xsi:noNamespaceSchemaLocation="https://maven.apache.org/surefire/maven-surefire-plugin/xsd/surefire-test-report.xsd" version="3.0.2" name="test.org.fugerit.java.demo.unittestdemoapp.DocResourceSicurezzaTest" time="1.757" tests="8" errors="0" skipped="1" failures="0">
  <properties>
[...]
</properties>
  <testcase name="testHtmlOkNoAdminRole" classname="test.org.fugerit.java.demo.unittestdemoapp.DocResourceSicurezzaTest" time="1.107">
    <system-out><![CDATA[2025-12-02 15:24:58,757 INFO  [io.qua.sma.jwt.dep.SmallryeJwtDevModeProcessor] (build-15) The smallrye-jwt extension has configured an in-memory key pair, which is not enabled in production. Please ensure the correct keys/locations are set in production to avoid potential issues.
2025-12-02 15:25:00,323 INFO  [org.fug.jav.doc.fre.pro.FreemarkerDocProcessConfigFacade] (main) loadConfigSafe config path : cl://unit-test-demo-app/fm-doc-process-config.xml
2025-12-02 15:25:00,347 INFO  [org.fug.jav.doc.fre.pro.FreemarkerDocProcessConfigFacade] (main) setupGeneralAttribute : name : validating value : 
2025-12-02 15:25:00,348 INFO  [org.fug.jav.doc.fre.pro.FreemarkerDocProcessConfigFacade] (main) setupGeneralAttribute : name : failOnValidate value : 
2025-12-02 15:25:00,348 INFO  [org.fug.jav.doc.fre.pro.FreemarkerDocProcessConfigFacade] (main) setupGeneralAttribute : name : cleanSource value : 
2025-12-02 15:25:00,348 INFO  [org.fug.jav.doc.fre.pro.FreemarkerDocProcessConfigFacade] (main) setupGeneralAttribute : name : table-check-integrity value : 
2025-12-02 15:25:00,349 INFO  [org.fug.jav.doc.fre.pro.FreemarkerDocProcessConfigFacade] (main) docHandlerList -> 6
2025-12-02 15:25:00,349 INFO  [org.fug.jav.doc.fre.pro.FreemarkerDocProcessConfigFacade] (main) factoryType : [docHandler: null] , resultType : org.fugerit.java.doc.base.typehandler.markdown.SimpleMarkdownExtTypeHandler
2025-12-02 15:25:00,351 INFO  [org.fug.jav.doc.fre.pro.FreemarkerDocProcessConfigFacade] (main) ConfigurableObject -> try configure()
2025-12-02 15:25:00,351 INFO  [org.fug.jav.doc.bas.con.DocTypeHandlerDefault] (main) configure : md-ext
2025-12-02 15:25:00,351 INFO  [org.fug.jav.doc.fre.pro.FreemarkerDocProcessConfigFacade] (main) register handler id md-ext, handler SimpleMarkdownExtTypeHandler{customId='3d888828-2479-419d-9190-5fcdb8599d63', type='md', module='markdown', format='null', mime='text/x-markdown', charset=UTF-8}
2025-12-02 15:25:00,352 INFO  [org.fug.jav.doc.bas.fac.DocHandlerFacade] (main) Registering handler with id md-markdown : org.fugerit.java.doc.base.typehandler.markdown.SimpleMarkdownExtTypeHandler
2025-12-02 15:25:00,352 INFO  [org.fug.jav.doc.bas.fac.DocHandlerFacade] (main) Registering handler with id md : org.fugerit.java.doc.base.typehandler.markdown.SimpleMarkdownExtTypeHandler
2025-12-02 15:25:00,352 INFO  [org.fug.jav.doc.bas.fac.DocHandlerFacade] (main) list keys current -> SimpleMarkdownExtTypeHandler{customId='3d888828-2479-419d-9190-5fcdb8599d63', type='md', module='markdown', format='null', mime='text/x-markdown', charset=UTF-8} : list [md, md-markdown, md-ext]
2025-12-02 15:25:00,352 INFO  [org.fug.jav.doc.fre.pro.FreemarkerDocProcessConfigFacade] (main) factoryType : [docHandler: null] , resultType : org.fugerit.java.doc.base.typehandler.core.DocTypeHandlerCoreXMLUTF8
2025-12-02 15:25:00,353 INFO  [org.fug.jav.doc.fre.pro.FreemarkerDocProcessConfigFacade] (main) ConfigurableObject -> try configure()
2025-12-02 15:25:00,353 INFO  [org.fug.jav.doc.bas.con.DocTypeHandlerDefault] (main) configure : xml-doc
2025-12-02 15:25:00,353 INFO  [org.fug.jav.doc.fre.pro.FreemarkerDocProcessConfigFacade] (main) register handler id xml-doc, handler DocTypeHandlerCoreXMLUTF8{customId='6c27e41a-7f20-43b9-a55a-77b2a4c5d8c4', type='xml', module='doc-core', format='null', mime='null', charset=UTF-8}
2025-12-02 15:25:00,353 INFO  [org.fug.jav.doc.bas.fac.DocHandlerFacade] (main) Registering handler with id xml-doc-core : org.fugerit.java.doc.base.typehandler.core.DocTypeHandlerCoreXMLUTF8
2025-12-02 15:25:00,354 INFO  [org.fug.jav.doc.bas.fac.DocHandlerFacade] (main) Registering handler with id xml : org.fugerit.java.doc.base.typehandler.core.DocTypeHandlerCoreXMLUTF8
2025-12-02 15:25:00,354 INFO  [org.fug.jav.doc.bas.fac.DocHandlerFacade] (main) list keys current -> DocTypeHandlerCoreXMLUTF8{customId='6c27e41a-7f20-43b9-a55a-77b2a4c5d8c4', type='xml', module='doc-core', format='null', mime='null', charset=UTF-8} : list [xml-doc-core, xml-doc, xml, md, md-markdown, md-ext]
2025-12-02 15:25:00,354 INFO  [org.fug.jav.doc.fre.pro.FreemarkerDocProcessConfigFacade] (main) factoryType : [docHandler: null] , resultType : org.fugerit.java.doc.freemarker.html.FreeMarkerHtmlTypeHandlerEscapeUTF8
2025-12-02 15:25:00,354 INFO  [org.fug.jav.doc.fre.pro.FreemarkerDocProcessConfigFacade] (main) ConfigurableObject -> try configure()
2025-12-02 15:25:00,354 INFO  [org.fug.jav.doc.bas.con.DocTypeHandlerDefault] (main) configure : html-fm
2025-12-02 15:25:00,354 INFO  [org.fug.jav.doc.fre.pro.FreemarkerDocProcessConfigFacade] (main) register handler id html-fm, handler FreeMarkerHtmlTypeHandlerEscapeUTF8{customId='6ee2d0cc-5612-43ff-8275-963cc48a794e', type='html', module='fm', format='null', mime='text/html', charset=UTF-8}
2025-12-02 15:25:00,355 INFO  [org.fug.jav.doc.bas.fac.DocHandlerFacade] (main) Registering handler with id html-fm : org.fugerit.java.doc.freemarker.html.FreeMarkerHtmlTypeHandlerEscapeUTF8
2025-12-02 15:25:00,355 INFO  [org.fug.jav.doc.bas.fac.DocHandlerFacade] (main) Registering handler with id html : org.fugerit.java.doc.freemarker.html.FreeMarkerHtmlTypeHandlerEscapeUTF8
2025-12-02 15:25:00,355 INFO  [org.fug.jav.doc.bas.fac.DocHandlerFacade] (main) list keys current -> FreeMarkerHtmlTypeHandlerEscapeUTF8{customId='6ee2d0cc-5612-43ff-8275-963cc48a794e', type='html', module='fm', format='null', mime='text/html', charset=UTF-8} : list [xml-doc-core, xml-doc, html-fm, xml, md, md-markdown, html, md-ext]
2025-12-02 15:25:00,355 INFO  [org.fug.jav.doc.fre.pro.FreemarkerDocProcessConfigFacade] (main) factoryType : [docHandler: null] , resultType : org.fugerit.java.doc.freemarker.html.FreeMarkerHtmlFragmentTypeHandlerEscapeUTF8
2025-12-02 15:25:00,355 INFO  [org.fug.jav.doc.fre.pro.FreemarkerDocProcessConfigFacade] (main) ConfigurableObject -> try configure()
2025-12-02 15:25:00,355 INFO  [org.fug.jav.doc.bas.con.DocTypeHandlerDefault] (main) configure : html-fragment-fm
2025-12-02 15:25:00,355 INFO  [org.fug.jav.doc.fre.pro.FreemarkerDocProcessConfigFacade] (main) register handler id html-fragment-fm, handler FreeMarkerHtmlFragmentTypeHandlerEscapeUTF8{customId='b06571c4-5cc6-4906-9c66-32e48b7d16b4', type='fhtml', module='fm', format='null', mime='text/html', charset=UTF-8}
2025-12-02 15:25:00,356 INFO  [org.fug.jav.doc.bas.fac.DocHandlerFacade] (main) Registering handler with id fhtml-fm : org.fugerit.java.doc.freemarker.html.FreeMarkerHtmlFragmentTypeHandlerEscapeUTF8
2025-12-02 15:25:00,356 INFO  [org.fug.jav.doc.bas.fac.DocHandlerFacade] (main) Registering handler with id fhtml : org.fugerit.java.doc.freemarker.html.FreeMarkerHtmlFragmentTypeHandlerEscapeUTF8
2025-12-02 15:25:00,356 INFO  [org.fug.jav.doc.bas.fac.DocHandlerFacade] (main) list keys current -> FreeMarkerHtmlFragmentTypeHandlerEscapeUTF8{customId='b06571c4-5cc6-4906-9c66-32e48b7d16b4', type='fhtml', module='fm', format='null', mime='text/html', charset=UTF-8} : list [xml-doc-core, fhtml-fm, xml-doc, html-fm, xml, md, md-markdown, html, md-ext, html-fragment-fm, fhtml]
2025-12-02 15:25:00,356 INFO  [org.fug.jav.doc.fre.pro.FreemarkerDocProcessConfigFacade] (main) factoryType : [docHandler: null] , resultType : org.fugerit.java.doc.freemarker.asciidoc.FreeMarkerAsciidocTypeHandlerUTF8
2025-12-02 15:25:00,356 INFO  [org.fug.jav.doc.fre.pro.FreemarkerDocProcessConfigFacade] (main) ConfigurableObject -> try configure()
2025-12-02 15:25:00,356 INFO  [org.fug.jav.doc.bas.con.DocTypeHandlerDefault] (main) configure : asciidoc-fm
2025-12-02 15:25:00,356 INFO  [org.fug.jav.doc.fre.pro.FreemarkerDocProcessConfigFacade] (main) register handler id asciidoc-fm, handler FreeMarkerAsciidocTypeHandlerUTF8{customId='7aa06399-ca64-48ca-b12d-214b50d6ae96', type='adoc', module='fm', format='null', mime='text/html', charset=UTF-8}
2025-12-02 15:25:00,356 INFO  [org.fug.jav.doc.bas.fac.DocHandlerFacade] (main) Registering handler with id adoc-fm : org.fugerit.java.doc.freemarker.asciidoc.FreeMarkerAsciidocTypeHandlerUTF8
2025-12-02 15:25:00,357 INFO  [org.fug.jav.doc.bas.fac.DocHandlerFacade] (main) Registering handler with id adoc : org.fugerit.java.doc.freemarker.asciidoc.FreeMarkerAsciidocTypeHandlerUTF8
2025-12-02 15:25:00,357 INFO  [org.fug.jav.doc.bas.fac.DocHandlerFacade] (main) list keys current -> FreeMarkerAsciidocTypeHandlerUTF8{customId='7aa06399-ca64-48ca-b12d-214b50d6ae96', type='adoc', module='fm', format='null', mime='text/html', charset=UTF-8} : list [xml-doc-core, fhtml-fm, html-fm, md-markdown, xml-doc, xml, md, adoc-fm, asciidoc-fm, html, adoc, md-ext, html-fragment-fm, fhtml]
2025-12-02 15:25:00,357 INFO  [org.fug.jav.doc.fre.pro.FreemarkerDocProcessConfigFacade] (main) factoryType : [docHandler: null] , resultType : org.fugerit.java.doc.mod.fop.PdfFopTypeHandler
2025-12-02 15:25:00,358 INFO  [org.fug.jav.doc.fre.pro.FreemarkerDocProcessConfigFacade] (main) loadConfigSafe config path : cl://fj_doc_mod_fop_config/fm-fop-process-config.xml
2025-12-02 15:25:00,360 INFO  [org.fug.jav.doc.fre.pro.FreemarkerDocProcessConfigFacade] (main) setupGeneralAttribute : name : validating value : 
2025-12-02 15:25:00,360 INFO  [org.fug.jav.doc.fre.pro.FreemarkerDocProcessConfigFacade] (main) setupGeneralAttribute : name : failOnValidate value : 
2025-12-02 15:25:00,360 INFO  [org.fug.jav.doc.fre.pro.FreemarkerDocProcessConfigFacade] (main) setupGeneralAttribute : name : cleanSource value : 
2025-12-02 15:25:00,360 INFO  [org.fug.jav.doc.fre.pro.FreemarkerDocProcessConfigFacade] (main) setupGeneralAttribute : name : table-check-integrity value : 
2025-12-02 15:25:00,362 INFO  [org.fug.jav.doc.fre.pro.FreemarkerDocProcessConfigFacade] (main) loadConfig ok : org.fugerit.java.doc.freemarker.process.FreemarkerDocProcessConfig@54ae1240
2025-12-02 15:25:00,366 INFO  [org.fug.jav.doc.fre.pro.FreemarkerDocProcessConfigFacade] (main) ConfigurableObject -> try configure()
2025-12-02 15:25:00,366 INFO  [org.fug.jav.doc.bas.con.DocTypeHandlerDefault] (main) configure : pdf-fop
2025-12-02 15:25:00,366 INFO  [org.fug.jav.doc.fre.pro.FreemarkerDocProcessConfigFacade] (main) register handler id pdf-fop, handler PdfFopTypeHandler{customId='42bc7cc8-91ba-4cd8-a08d-e95b818c5f22', type='pdf', module='fop', format='null', mime='null', charset=UTF-8}[pdfAmode=null,pdfUAmode=,null,poolMin=0,poolMax=0]
2025-12-02 15:25:00,366 INFO  [org.fug.jav.doc.bas.fac.DocHandlerFacade] (main) Registering handler with id pdf-fop : org.fugerit.java.doc.mod.fop.PdfFopTypeHandler
2025-12-02 15:25:00,366 INFO  [org.fug.jav.doc.bas.fac.DocHandlerFacade] (main) Registering handler with id pdf : org.fugerit.java.doc.mod.fop.PdfFopTypeHandler
2025-12-02 15:25:00,366 INFO  [org.fug.jav.doc.bas.fac.DocHandlerFacade] (main) list keys current -> PdfFopTypeHandler{customId='42bc7cc8-91ba-4cd8-a08d-e95b818c5f22', type='pdf', module='fop', format='null', mime='null', charset=UTF-8}[pdfAmode=null,pdfUAmode=,null,poolMin=0,poolMax=0] : list [xml-doc-core, fhtml-fm, html-fm, md-markdown, xml-doc, pdf, xml, md, adoc-fm, asciidoc-fm, html, adoc, md-ext, pdf-fop, html-fragment-fm, fhtml]
2025-12-02 15:25:00,367 INFO  [org.fug.jav.doc.fre.pro.FreemarkerDocProcessConfigFacade] (main) loadConfig ok : org.fugerit.java.doc.freemarker.process.FreemarkerDocProcessConfig@71469e01
2025-12-02 15:25:00,367 INFO  [org.fug.jav.dem.uni.AppInit] (main) The application is starting...
2025-12-02 15:25:00,367 INFO  [org.fug.jav.doc.fre.pro.FreemarkerDocProcessConfigFacade] (main) loadConfigSafe config path : cl://unit-test-demo-app/fm-doc-process-config.xml
2025-12-02 15:25:00,369 INFO  [org.fug.jav.doc.fre.pro.FreemarkerDocProcessConfigFacade] (main) setupGeneralAttribute : name : validating value : 
2025-12-02 15:25:00,369 INFO  [org.fug.jav.doc.fre.pro.FreemarkerDocProcessConfigFacade] (main) setupGeneralAttribute : name : failOnValidate value : 
2025-12-02 15:25:00,369 INFO  [org.fug.jav.doc.fre.pro.FreemarkerDocProcessConfigFacade] (main) setupGeneralAttribute : name : cleanSource value : 
2025-12-02 15:25:00,370 INFO  [org.fug.jav.doc.fre.pro.FreemarkerDocProcessConfigFacade] (main) setupGeneralAttribute : name : table-check-integrity value : 
2025-12-02 15:25:00,370 INFO  [org.fug.jav.doc.fre.pro.FreemarkerDocProcessConfigFacade] (main) docHandlerList -> 6
2025-12-02 15:25:00,370 INFO  [org.fug.jav.doc.fre.pro.FreemarkerDocProcessConfigFacade] (main) factoryType : [docHandler: null] , resultType : org.fugerit.java.doc.base.typehandler.markdown.SimpleMarkdownExtTypeHandler
2025-12-02 15:25:00,370 INFO  [org.fug.jav.doc.fre.pro.FreemarkerDocProcessConfigFacade] (main) ConfigurableObject -> try configure()
2025-12-02 15:25:00,370 INFO  [org.fug.jav.doc.bas.con.DocTypeHandlerDefault] (main) configure : md-ext
2025-12-02 15:25:00,370 INFO  [org.fug.jav.doc.fre.pro.FreemarkerDocProcessConfigFacade] (main) register handler id md-ext, handler SimpleMarkdownExtTypeHandler{customId='4dd12377-0477-47e6-93cc-fb9e3c570560', type='md', module='markdown', format='null', mime='text/x-markdown', charset=UTF-8}
2025-12-02 15:25:00,370 INFO  [org.fug.jav.doc.bas.fac.DocHandlerFacade] (main) Registering handler with id md-markdown : org.fugerit.java.doc.base.typehandler.markdown.SimpleMarkdownExtTypeHandler
2025-12-02 15:25:00,371 INFO  [org.fug.jav.doc.bas.fac.DocHandlerFacade] (main) Registering handler with id md : org.fugerit.java.doc.base.typehandler.markdown.SimpleMarkdownExtTypeHandler
2025-12-02 15:25:00,371 INFO  [org.fug.jav.doc.bas.fac.DocHandlerFacade] (main) list keys current -> SimpleMarkdownExtTypeHandler{customId='4dd12377-0477-47e6-93cc-fb9e3c570560', type='md', module='markdown', format='null', mime='text/x-markdown', charset=UTF-8} : list [md, md-markdown, md-ext]
2025-12-02 15:25:00,371 INFO  [org.fug.jav.doc.fre.pro.FreemarkerDocProcessConfigFacade] (main) factoryType : [docHandler: null] , resultType : org.fugerit.java.doc.base.typehandler.core.DocTypeHandlerCoreXMLUTF8
2025-12-02 15:25:00,371 INFO  [org.fug.jav.doc.fre.pro.FreemarkerDocProcessConfigFacade] (main) ConfigurableObject -> try configure()
2025-12-02 15:25:00,371 INFO  [org.fug.jav.doc.bas.con.DocTypeHandlerDefault] (main) configure : xml-doc
2025-12-02 15:25:00,371 INFO  [org.fug.jav.doc.fre.pro.FreemarkerDocProcessConfigFacade] (main) register handler id xml-doc, handler DocTypeHandlerCoreXMLUTF8{customId='72b45b2c-0910-432c-9642-a488a5d8784b', type='xml', module='doc-core', format='null', mime='null', charset=UTF-8}
2025-12-02 15:25:00,371 INFO  [org.fug.jav.doc.bas.fac.DocHandlerFacade] (main) Registering handler with id xml-doc-core : org.fugerit.java.doc.base.typehandler.core.DocTypeHandlerCoreXMLUTF8
2025-12-02 15:25:00,371 INFO  [org.fug.jav.doc.bas.fac.DocHandlerFacade] (main) Registering handler with id xml : org.fugerit.java.doc.base.typehandler.core.DocTypeHandlerCoreXMLUTF8
2025-12-02 15:25:00,371 INFO  [org.fug.jav.doc.bas.fac.DocHandlerFacade] (main) list keys current -> DocTypeHandlerCoreXMLUTF8{customId='72b45b2c-0910-432c-9642-a488a5d8784b', type='xml', module='doc-core', format='null', mime='null', charset=UTF-8} : list [xml-doc-core, xml-doc, xml, md, md-markdown, md-ext]
2025-12-02 15:25:00,371 INFO  [org.fug.jav.doc.fre.pro.FreemarkerDocProcessConfigFacade] (main) factoryType : [docHandler: null] , resultType : org.fugerit.java.doc.freemarker.html.FreeMarkerHtmlTypeHandlerEscapeUTF8
2025-12-02 15:25:00,372 INFO  [org.fug.jav.doc.fre.pro.FreemarkerDocProcessConfigFacade] (main) ConfigurableObject -> try configure()
2025-12-02 15:25:00,372 INFO  [org.fug.jav.doc.bas.con.DocTypeHandlerDefault] (main) configure : html-fm
2025-12-02 15:25:00,372 INFO  [org.fug.jav.doc.fre.pro.FreemarkerDocProcessConfigFacade] (main) register handler id html-fm, handler FreeMarkerHtmlTypeHandlerEscapeUTF8{customId='790cde5b-24a9-4796-9608-84d88e52feb2', type='html', module='fm', format='null', mime='text/html', charset=UTF-8}
2025-12-02 15:25:00,372 INFO  [org.fug.jav.doc.bas.fac.DocHandlerFacade] (main) Registering handler with id html-fm : org.fugerit.java.doc.freemarker.html.FreeMarkerHtmlTypeHandlerEscapeUTF8
2025-12-02 15:25:00,372 INFO  [org.fug.jav.doc.bas.fac.DocHandlerFacade] (main) Registering handler with id html : org.fugerit.java.doc.freemarker.html.FreeMarkerHtmlTypeHandlerEscapeUTF8
2025-12-02 15:25:00,372 INFO  [org.fug.jav.doc.bas.fac.DocHandlerFacade] (main) list keys current -> FreeMarkerHtmlTypeHandlerEscapeUTF8{customId='790cde5b-24a9-4796-9608-84d88e52feb2', type='html', module='fm', format='null', mime='text/html', charset=UTF-8} : list [xml-doc-core, xml-doc, html-fm, xml, md, md-markdown, html, md-ext]
2025-12-02 15:25:00,372 INFO  [org.fug.jav.doc.fre.pro.FreemarkerDocProcessConfigFacade] (main) factoryType : [docHandler: null] , resultType : org.fugerit.java.doc.freemarker.html.FreeMarkerHtmlFragmentTypeHandlerEscapeUTF8
2025-12-02 15:25:00,372 INFO  [org.fug.jav.doc.fre.pro.FreemarkerDocProcessConfigFacade] (main) ConfigurableObject -> try configure()
2025-12-02 15:25:00,372 INFO  [org.fug.jav.doc.bas.con.DocTypeHandlerDefault] (main) configure : html-fragment-fm
2025-12-02 15:25:00,372 INFO  [org.fug.jav.doc.fre.pro.FreemarkerDocProcessConfigFacade] (main) register handler id html-fragment-fm, handler FreeMarkerHtmlFragmentTypeHandlerEscapeUTF8{customId='24563b99-67f3-4342-a5f8-41df93bb484f', type='fhtml', module='fm', format='null', mime='text/html', charset=UTF-8}
2025-12-02 15:25:00,372 INFO  [org.fug.jav.doc.bas.fac.DocHandlerFacade] (main) Registering handler with id fhtml-fm : org.fugerit.java.doc.freemarker.html.FreeMarkerHtmlFragmentTypeHandlerEscapeUTF8
2025-12-02 15:25:00,373 INFO  [org.fug.jav.doc.bas.fac.DocHandlerFacade] (main) Registering handler with id fhtml : org.fugerit.java.doc.freemarker.html.FreeMarkerHtmlFragmentTypeHandlerEscapeUTF8
2025-12-02 15:25:00,373 INFO  [org.fug.jav.doc.bas.fac.DocHandlerFacade] (main) list keys current -> FreeMarkerHtmlFragmentTypeHandlerEscapeUTF8{customId='24563b99-67f3-4342-a5f8-41df93bb484f', type='fhtml', module='fm', format='null', mime='text/html', charset=UTF-8} : list [xml-doc-core, fhtml-fm, xml-doc, html-fm, xml, md, md-markdown, html, md-ext, html-fragment-fm, fhtml]
2025-12-02 15:25:00,373 INFO  [org.fug.jav.doc.fre.pro.FreemarkerDocProcessConfigFacade] (main) factoryType : [docHandler: null] , resultType : org.fugerit.java.doc.freemarker.asciidoc.FreeMarkerAsciidocTypeHandlerUTF8
2025-12-02 15:25:00,373 INFO  [org.fug.jav.doc.fre.pro.FreemarkerDocProcessConfigFacade] (main) ConfigurableObject -> try configure()
2025-12-02 15:25:00,373 INFO  [org.fug.jav.doc.bas.con.DocTypeHandlerDefault] (main) configure : asciidoc-fm
2025-12-02 15:25:00,373 INFO  [org.fug.jav.doc.fre.pro.FreemarkerDocProcessConfigFacade] (main) register handler id asciidoc-fm, handler FreeMarkerAsciidocTypeHandlerUTF8{customId='497de5d5-dbd9-44a8-9c51-4dac97bc8e88', type='adoc', module='fm', format='null', mime='text/html', charset=UTF-8}
2025-12-02 15:25:00,373 INFO  [org.fug.jav.doc.bas.fac.DocHandlerFacade] (main) Registering handler with id adoc-fm : org.fugerit.java.doc.freemarker.asciidoc.FreeMarkerAsciidocTypeHandlerUTF8
2025-12-02 15:25:00,373 INFO  [org.fug.jav.doc.bas.fac.DocHandlerFacade] (main) Registering handler with id adoc : org.fugerit.java.doc.freemarker.asciidoc.FreeMarkerAsciidocTypeHandlerUTF8
2025-12-02 15:25:00,373 INFO  [org.fug.jav.doc.bas.fac.DocHandlerFacade] (main) list keys current -> FreeMarkerAsciidocTypeHandlerUTF8{customId='497de5d5-dbd9-44a8-9c51-4dac97bc8e88', type='adoc', module='fm', format='null', mime='text/html', charset=UTF-8} : list [xml-doc-core, fhtml-fm, html-fm, md-markdown, xml-doc, xml, md, adoc-fm, asciidoc-fm, html, adoc, md-ext, html-fragment-fm, fhtml]
2025-12-02 15:25:00,373 INFO  [org.fug.jav.doc.fre.pro.FreemarkerDocProcessConfigFacade] (main) factoryType : [docHandler: null] , resultType : org.fugerit.java.doc.mod.fop.PdfFopTypeHandler
2025-12-02 15:25:00,374 INFO  [org.fug.jav.doc.fre.pro.FreemarkerDocProcessConfigFacade] (main) ConfigurableObject -> try configure()
2025-12-02 15:25:00,374 INFO  [org.fug.jav.doc.bas.con.DocTypeHandlerDefault] (main) configure : pdf-fop
2025-12-02 15:25:00,374 INFO  [org.fug.jav.doc.fre.pro.FreemarkerDocProcessConfigFacade] (main) register handler id pdf-fop, handler PdfFopTypeHandler{customId='c9c43eac-9a39-46ce-8ede-c8965e682036', type='pdf', module='fop', format='null', mime='null', charset=UTF-8}[pdfAmode=null,pdfUAmode=,null,poolMin=0,poolMax=0]
2025-12-02 15:25:00,374 INFO  [org.fug.jav.doc.bas.fac.DocHandlerFacade] (main) Registering handler with id pdf-fop : org.fugerit.java.doc.mod.fop.PdfFopTypeHandler
2025-12-02 15:25:00,374 INFO  [org.fug.jav.doc.bas.fac.DocHandlerFacade] (main) Registering handler with id pdf : org.fugerit.java.doc.mod.fop.PdfFopTypeHandler
2025-12-02 15:25:00,374 INFO  [org.fug.jav.doc.bas.fac.DocHandlerFacade] (main) list keys current -> PdfFopTypeHandler{customId='c9c43eac-9a39-46ce-8ede-c8965e682036', type='pdf', module='fop', format='null', mime='null', charset=UTF-8}[pdfAmode=null,pdfUAmode=,null,poolMin=0,poolMax=0] : list [xml-doc-core, fhtml-fm, html-fm, md-markdown, xml-doc, pdf, xml, md, adoc-fm, asciidoc-fm, html, adoc, md-ext, pdf-fop, html-fragment-fm, fhtml]
2025-12-02 15:25:00,374 INFO  [org.fug.jav.doc.fre.pro.FreemarkerDocProcessConfigFacade] (main) loadConfig ok : org.fugerit.java.doc.freemarker.process.FreemarkerDocProcessConfig@1a8b22b5
2025-12-02 15:25:00,375 INFO  [org.fug.jav.doc.bas.con.InitHandler] (Thread-40) Init handler start : FreeMarkerHtmlTypeHandlerEscapeUTF8{customId='790cde5b-24a9-4796-9608-84d88e52feb2', type='html', module='fm', format='null', mime='text/html', charset=UTF-8}
2025-12-02 15:25:00,375 INFO  [org.fug.jav.doc.bas.con.InitHandler] (Thread-42) Init handler start : FreeMarkerHtmlFragmentTypeHandlerEscapeUTF8{customId='24563b99-67f3-4342-a5f8-41df93bb484f', type='fhtml', module='fm', format='null', mime='text/html', charset=UTF-8}
2025-12-02 15:25:00,375 INFO  [org.fug.jav.doc.bas.con.InitHandler] (Thread-41) Init handler start : FreeMarkerAsciidocTypeHandlerUTF8{customId='497de5d5-dbd9-44a8-9c51-4dac97bc8e88', type='adoc', module='fm', format='null', mime='text/html', charset=UTF-8}
2025-12-02 15:25:00,375 INFO  [org.fug.jav.doc.bas.con.InitHandler] (Thread-43) Init handler start : PdfFopTypeHandler{customId='c9c43eac-9a39-46ce-8ede-c8965e682036', type='pdf', module='fop', format='null', mime='null', charset=UTF-8}[pdfAmode=null,pdfUAmode=,null,poolMin=0,poolMax=0]
2025-12-02 15:25:00,375 INFO  [org.fug.jav.doc.bas.con.InitHandler] (Thread-44) Init handler start : SimpleMarkdownExtTypeHandler{customId='4dd12377-0477-47e6-93cc-fb9e3c570560', type='md', module='markdown', format='null', mime='text/x-markdown', charset=UTF-8}
2025-12-02 15:25:00,375 INFO  [org.fug.jav.doc.bas.con.InitHandler] (Thread-45) Init handler start : DocTypeHandlerCoreXMLUTF8{customId='72b45b2c-0910-432c-9642-a488a5d8784b', type='xml', module='doc-core', format='null', mime='null', charset=UTF-8}
2025-12-02 15:25:00,376 INFO  [org.fug.jav.doc.bas.con.InitHandler] (Thread-41) initDoc start : FreeMarkerAsciidocTypeHandlerUTF8{customId='497de5d5-dbd9-44a8-9c51-4dac97bc8e88', type='adoc', module='fm', format='null', mime='text/html', charset=UTF-8}
2025-12-02 15:25:00,376 INFO  [org.fug.jav.doc.bas.con.InitHandler] (Thread-42) initDoc start : FreeMarkerHtmlFragmentTypeHandlerEscapeUTF8{customId='24563b99-67f3-4342-a5f8-41df93bb484f', type='fhtml', module='fm', format='null', mime='text/html', charset=UTF-8}
2025-12-02 15:25:00,376 INFO  [org.fug.jav.doc.bas.con.InitHandler] (Thread-45) initDoc start : DocTypeHandlerCoreXMLUTF8{customId='72b45b2c-0910-432c-9642-a488a5d8784b', type='xml', module='doc-core', format='null', mime='null', charset=UTF-8}
2025-12-02 15:25:00,376 INFO  [org.fug.jav.doc.bas.con.InitHandler] (Thread-40) initDoc start : FreeMarkerHtmlTypeHandlerEscapeUTF8{customId='790cde5b-24a9-4796-9608-84d88e52feb2', type='html', module='fm', format='null', mime='text/html', charset=UTF-8}
2025-12-02 15:25:00,376 INFO  [org.fug.jav.doc.bas.con.InitHandler] (Thread-43) initDoc start : PdfFopTypeHandler{customId='c9c43eac-9a39-46ce-8ede-c8965e682036', type='pdf', module='fop', format='null', mime='null', charset=UTF-8}[pdfAmode=null,pdfUAmode=,null,poolMin=0,poolMax=0]
2025-12-02 15:25:00,376 INFO  [org.fug.jav.doc.bas.con.InitHandler] (Thread-44) initDoc start : SimpleMarkdownExtTypeHandler{customId='4dd12377-0477-47e6-93cc-fb9e3c570560', type='md', module='markdown', format='null', mime='text/x-markdown', charset=UTF-8}
2025-12-02 15:25:00,376 INFO  [org.fug.jav.doc.fre.pro.FreemarkerDocProcessConfigFacade] (Thread-40) loadConfigSafe config path : cl://fj_doc_freemarker_config/fm-freemarker-doc-process-config.xml
2025-12-02 15:25:00,379 INFO  [org.fug.jav.doc.fre.pro.FreemarkerDocProcessConfigFacade] (Thread-40) setupGeneralAttribute : name : validating value : 
2025-12-02 15:25:00,379 INFO  [org.fug.jav.doc.fre.pro.FreemarkerDocProcessConfigFacade] (Thread-40) setupGeneralAttribute : name : failOnValidate value : 
2025-12-02 15:25:00,379 INFO  [org.fug.jav.doc.fre.pro.FreemarkerDocProcessConfigFacade] (Thread-40) setupGeneralAttribute : name : cleanSource value : 
2025-12-02 15:25:00,379 INFO  [org.fug.jav.doc.fre.pro.FreemarkerDocProcessConfigFacade] (Thread-40) setupGeneralAttribute : name : table-check-integrity value : 
2025-12-02 15:25:00,380 INFO  [org.fug.jav.doc.fre.pro.FreemarkerDocProcessConfigFacade] (Thread-40) docHandlerList -> 8
2025-12-02 15:25:00,380 INFO  [org.fug.jav.doc.fre.pro.FreemarkerDocProcessConfigFacade] (Thread-40) factoryType : [docHandler: null] , resultType : org.fugerit.java.doc.base.typehandler.markdown.SimpleMarkdownExtTypeHandler
2025-12-02 15:25:00,380 INFO  [org.fug.jav.doc.fre.pro.FreemarkerDocProcessConfigFacade] (Thread-40) ConfigurableObject -> try configure()
2025-12-02 15:25:00,380 INFO  [org.fug.jav.doc.bas.con.DocTypeHandlerDefault] (Thread-40) configure : md-ext
2025-12-02 15:25:00,380 INFO  [org.fug.jav.doc.fre.pro.FreemarkerDocProcessConfigFacade] (Thread-40) register handler id md-ext, handler SimpleMarkdownExtTypeHandler{customId='5e428b5e-95f4-4816-80a0-af5a75a63a0f', type='md', module='markdown', format='null', mime='text/x-markdown', charset=UTF-8}
2025-12-02 15:25:00,381 INFO  [org.fug.jav.doc.bas.fac.DocHandlerFacade] (Thread-40) Registering handler with id md-markdown : org.fugerit.java.doc.base.typehandler.markdown.SimpleMarkdownExtTypeHandler
2025-12-02 15:25:00,381 INFO  [org.fug.jav.doc.bas.fac.DocHandlerFacade] (Thread-40) Registering handler with id md : org.fugerit.java.doc.base.typehandler.markdown.SimpleMarkdownExtTypeHandler
2025-12-02 15:25:00,381 INFO  [org.fug.jav.doc.bas.fac.DocHandlerFacade] (Thread-40) list keys current -> SimpleMarkdownExtTypeHandler{customId='5e428b5e-95f4-4816-80a0-af5a75a63a0f', type='md', module='markdown', format='null', mime='text/x-markdown', charset=UTF-8} : list [md, md-markdown, md-ext]
2025-12-02 15:25:00,381 INFO  [org.fug.jav.doc.fre.pro.FreemarkerDocProcessConfigFacade] (Thread-40) factoryType : [docHandler: null] , resultType : org.fugerit.java.doc.base.config.DocTypeHandlerXMLUTF8
2025-12-02 15:25:00,382 INFO  [org.fug.jav.doc.fre.pro.FreemarkerDocProcessConfigFacade] (Thread-40) ConfigurableObject -> try configure()
2025-12-02 15:25:00,382 INFO  [org.fug.jav.doc.bas.con.DocTypeHandlerDefault] (Thread-40) configure : xml-doc
2025-12-02 15:25:00,382 INFO  [org.fug.jav.doc.fre.pro.FreemarkerDocProcessConfigFacade] (Thread-40) register handler id xml-doc, handler DocTypeHandlerXMLUTF8{customId='fddee776-81a0-41c0-95af-de8749bfb68b', type='xml', module='doc', format='null', mime='null', charset=UTF-8}
2025-12-02 15:25:00,382 INFO  [org.fug.jav.doc.bas.fac.DocHandlerFacade] (Thread-40) Registering handler with id xml-doc : org.fugerit.java.doc.base.config.DocTypeHandlerXMLUTF8
2025-12-02 15:25:00,382 INFO  [org.fug.jav.doc.bas.fac.DocHandlerFacade] (Thread-40) Registering handler with id xml : org.fugerit.java.doc.base.config.DocTypeHandlerXMLUTF8
2025-12-02 15:25:00,382 INFO  [org.fug.jav.doc.bas.fac.DocHandlerFacade] (Thread-40) list keys current -> DocTypeHandlerXMLUTF8{customId='fddee776-81a0-41c0-95af-de8749bfb68b', type='xml', module='doc', format='null', mime='null', charset=UTF-8} : list [xml-doc, xml, md, md-markdown, md-ext]
2025-12-02 15:25:00,382 INFO  [org.fug.jav.doc.fre.pro.FreemarkerDocProcessConfigFacade] (Thread-40) factoryType : [docHandler: null] , resultType : org.fugerit.java.doc.freemarker.html.FreeMarkerHtmlTypeHandlerEscapeUTF8
2025-12-02 15:25:00,382 INFO  [org.fug.jav.doc.fre.pro.FreemarkerDocProcessConfigFacade] (Thread-40) ConfigurableObject -> try configure()
2025-12-02 15:25:00,382 INFO  [org.fug.jav.doc.bas.con.DocTypeHandlerDefault] (Thread-40) configure : html-fm
2025-12-02 15:25:00,382 INFO  [org.fug.jav.doc.fre.pro.FreemarkerDocProcessConfigFacade] (Thread-40) register handler id html-fm, handler FreeMarkerHtmlTypeHandlerEscapeUTF8{customId='3f7cf972-17b0-42e0-86b2-fb619a7f3e77', type='html', module='fm', format='null', mime='text/html', charset=UTF-8}
2025-12-02 15:25:00,382 INFO  [org.fug.jav.doc.bas.fac.DocHandlerFacade] (Thread-40) Registering handler with id html-fm : org.fugerit.java.doc.freemarker.html.FreeMarkerHtmlTypeHandlerEscapeUTF8
2025-12-02 15:25:00,382 INFO  [org.fug.jav.doc.bas.fac.DocHandlerFacade] (Thread-40) Registering handler with id html : org.fugerit.java.doc.freemarker.html.FreeMarkerHtmlTypeHandlerEscapeUTF8
2025-12-02 15:25:00,382 INFO  [org.fug.jav.doc.bas.fac.DocHandlerFacade] (Thread-40) list keys current -> FreeMarkerHtmlTypeHandlerEscapeUTF8{customId='3f7cf972-17b0-42e0-86b2-fb619a7f3e77', type='html', module='fm', format='null', mime='text/html', charset=UTF-8} : list [xml-doc, html-fm, xml, md, md-markdown, html, md-ext]
2025-12-02 15:25:00,383 INFO  [org.fug.jav.doc.fre.pro.FreemarkerDocProcessConfigFacade] (Thread-40) factoryType : [docHandler: null] , resultType : org.fugerit.java.doc.freemarker.html.FreeMarkerHtmlFragmentTypeHandlerEscapeUTF8
2025-12-02 15:25:00,383 INFO  [org.fug.jav.doc.fre.pro.FreemarkerDocProcessConfigFacade] (Thread-40) ConfigurableObject -> try configure()
2025-12-02 15:25:00,383 INFO  [org.fug.jav.doc.bas.con.DocTypeHandlerDefault] (Thread-40) configure : html-fragment-fm
2025-12-02 15:25:00,383 INFO  [org.fug.jav.doc.fre.pro.FreemarkerDocProcessConfigFacade] (Thread-40) register handler id html-fragment-fm, handler FreeMarkerHtmlFragmentTypeHandlerEscapeUTF8{customId='d25ff02b-50f3-440c-8882-c19ee3cc23b7', type='fhtml', module='fm', format='null', mime='text/html', charset=UTF-8}
2025-12-02 15:25:00,383 INFO  [org.fug.jav.doc.bas.fac.DocHandlerFacade] (Thread-40) Registering handler with id fhtml-fm : org.fugerit.java.doc.freemarker.html.FreeMarkerHtmlFragmentTypeHandlerEscapeUTF8
2025-12-02 15:25:00,383 INFO  [org.fug.jav.doc.bas.fac.DocHandlerFacade] (Thread-40) Registering handler with id fhtml : org.fugerit.java.doc.freemarker.html.FreeMarkerHtmlFragmentTypeHandlerEscapeUTF8
2025-12-02 15:25:00,383 INFO  [org.fug.jav.doc.bas.fac.DocHandlerFacade] (Thread-40) list keys current -> FreeMarkerHtmlFragmentTypeHandlerEscapeUTF8{customId='d25ff02b-50f3-440c-8882-c19ee3cc23b7', type='fhtml', module='fm', format='null', mime='text/html', charset=UTF-8} : list [fhtml-fm, xml-doc, html-fm, xml, md, md-markdown, html, md-ext, html-fragment-fm, fhtml]
2025-12-02 15:25:00,383 INFO  [org.fug.jav.doc.fre.pro.FreemarkerDocProcessConfigFacade] (Thread-40) factoryType : [docHandler: null] , resultType : org.fugerit.java.doc.freemarker.asciidoc.FreeMarkerAsciidocTypeHandlerUTF8
2025-12-02 15:25:00,383 INFO  [org.fug.jav.doc.fre.pro.FreemarkerDocProcessConfigFacade] (Thread-40) ConfigurableObject -> try configure()
2025-12-02 15:25:00,383 INFO  [org.fug.jav.doc.bas.con.DocTypeHandlerDefault] (Thread-40) configure : asoc-fm
2025-12-02 15:25:00,383 INFO  [org.fug.jav.doc.fre.pro.FreemarkerDocProcessConfigFacade] (Thread-40) register handler id asoc-fm, handler FreeMarkerAsciidocTypeHandlerUTF8{customId='916b5fe0-ce9a-4419-b3ae-79896e3529cd', type='adoc', module='fm', format='null', mime='text/html', charset=UTF-8}
2025-12-02 15:25:00,383 INFO  [org.fug.jav.doc.bas.con.InitHandler] (Thread-45) Init handler time DocTypeHandlerCoreXMLUTF8{customId='72b45b2c-0910-432c-9642-a488a5d8784b', type='xml', module='doc-core', format='null', mime='null', charset=UTF-8} -> 7 ms
2025-12-02 15:25:00,383 INFO  [org.fug.jav.doc.bas.con.InitHandler] (Thread-45) Init handler end : DocTypeHandlerCoreXMLUTF8{customId='72b45b2c-0910-432c-9642-a488a5d8784b', type='xml', module='doc-core', format='null', mime='null', charset=UTF-8} -> true
2025-12-02 15:25:00,383 INFO  [org.fug.jav.doc.bas.fac.DocHandlerFacade] (Thread-40) Registering handler with id adoc-fm : org.fugerit.java.doc.freemarker.asciidoc.FreeMarkerAsciidocTypeHandlerUTF8
2025-12-02 15:25:00,384 INFO  [org.fug.jav.doc.bas.fac.DocHandlerFacade] (Thread-40) Registering handler with id adoc : org.fugerit.java.doc.freemarker.asciidoc.FreeMarkerAsciidocTypeHandlerUTF8
2025-12-02 15:25:00,384 INFO  [org.fug.jav.doc.bas.fac.DocHandlerFacade] (Thread-40) list keys current -> FreeMarkerAsciidocTypeHandlerUTF8{customId='916b5fe0-ce9a-4419-b3ae-79896e3529cd', type='adoc', module='fm', format='null', mime='text/html', charset=UTF-8} : list [fhtml-fm, html-fm, md-markdown, asoc-fm, xml-doc, xml, md, adoc-fm, html, adoc, md-ext, html-fragment-fm, fhtml]
2025-12-02 15:25:00,384 INFO  [org.fug.jav.doc.fre.pro.FreemarkerDocProcessConfigFacade] (Thread-40) factoryType : [docHandler: null] , resultType : org.fugerit.java.doc.mod.fop.PdfFopTypeHandler
2025-12-02 15:25:00,384 INFO  [org.fug.jav.doc.fre.pro.FreemarkerDocProcessConfigFacade] (Thread-40) ConfigurableObject -> try configure()
2025-12-02 15:25:00,384 INFO  [org.fug.jav.doc.bas.con.DocTypeHandlerDefault] (Thread-40) configure : pdf-fop
2025-12-02 15:25:00,384 INFO  [org.fug.jav.doc.fre.pro.FreemarkerDocProcessConfigFacade] (Thread-40) register handler id pdf-fop, handler PdfFopTypeHandler{customId='d6b5960a-3cbe-4a21-a085-009beadc5937', type='pdf', module='fop', format='null', mime='null', charset=UTF-8}[pdfAmode=null,pdfUAmode=,null,poolMin=0,poolMax=0]
2025-12-02 15:25:00,384 INFO  [org.fug.jav.doc.bas.fac.DocHandlerFacade] (Thread-40) Registering handler with id pdf-fop : org.fugerit.java.doc.mod.fop.PdfFopTypeHandler
2025-12-02 15:25:00,384 INFO  [org.fug.jav.doc.bas.fac.DocHandlerFacade] (Thread-40) Registering handler with id pdf : org.fugerit.java.doc.mod.fop.PdfFopTypeHandler
2025-12-02 15:25:00,384 INFO  [org.fug.jav.doc.bas.fac.DocHandlerFacade] (Thread-40) list keys current -> PdfFopTypeHandler{customId='d6b5960a-3cbe-4a21-a085-009beadc5937', type='pdf', module='fop', format='null', mime='null', charset=UTF-8}[pdfAmode=null,pdfUAmode=,null,poolMin=0,poolMax=0] : list [fhtml-fm, html-fm, md-markdown, asoc-fm, xml-doc, pdf, xml, md, adoc-fm, html, adoc, md-ext, pdf-fop, html-fragment-fm, fhtml]
2025-12-02 15:25:00,385 INFO  [org.fug.jav.doc.fre.pro.FreemarkerDocProcessConfigFacade] (Thread-40) factoryType : [docHandler: null] , resultType : org.fugerit.java.doc.mod.poi.XlsxPoiTypeHandler
2025-12-02 15:25:00,385 WARN  [org.fug.jav.cor.cfg.hel.UnsafeHelper] (Thread-40) Error handling unsafe section org.fugerit.java.core.cfg.ConfigException: Type cannot be loaded : java.lang.ClassNotFoundException: org.fugerit.java.doc.mod.poi.XlsxPoiTypeHandler [trace suppressed, set unsafe-mode='log-trace' to show]
2025-12-02 15:25:00,385 INFO  [org.fug.jav.doc.fre.pro.FreemarkerDocProcessConfigFacade] (Thread-40) factoryType : [docHandler: null] , resultType : org.fugerit.java.doc.mod.opencsv.OpenCSVTypeHandler
2025-12-02 15:25:00,386 WARN  [org.fug.jav.cor.cfg.hel.UnsafeHelper] (Thread-40) Error handling unsafe section org.fugerit.java.core.cfg.ConfigException: Type cannot be loaded : java.lang.ClassNotFoundException: org.fugerit.java.doc.mod.opencsv.OpenCSVTypeHandler [trace suppressed, set unsafe-mode='log-trace' to show]
2025-12-02 15:25:00,386 INFO  [org.fug.jav.doc.fre.pro.FreemarkerDocProcessConfigFacade] (Thread-40) loadConfig ok : org.fugerit.java.doc.freemarker.process.FreemarkerDocProcessConfig@b1c9a70
2025-12-02 15:25:00,396 INFO  [org.fug.jav.doc.bas.con.InitHandler] (Thread-44) Init handler time SimpleMarkdownExtTypeHandler{customId='4dd12377-0477-47e6-93cc-fb9e3c570560', type='md', module='markdown', format='null', mime='text/x-markdown', charset=UTF-8} -> 20 ms
2025-12-02 15:25:00,396 INFO  [org.fug.jav.doc.bas.con.InitHandler] (Thread-44) Init handler end : SimpleMarkdownExtTypeHandler{customId='4dd12377-0477-47e6-93cc-fb9e3c570560', type='md', module='markdown', format='null', mime='text/x-markdown', charset=UTF-8} -> true
2025-12-02 15:25:00,397 INFO  [org.fug.jav.cor.uti.fil.MiniFilterBase] (Thread-40) FreeMarkerConfigStep INIT - config = {mode=class, path=/fj_doc_freemarker_config/template/, load-bundled-functions=false, exception-handler=RETHROW_HANDLER, fallback-on-null-loop-variable=false, wrap-unchecked-exceptions=true, log-exception=false, version=2.3.29, class=org.fugerit.java.doc.freemarker.process.DocChainModel}
2025-12-02 15:25:00,397 INFO  [org.fug.jav.cor.uti.fil.MiniFilterBase] (Thread-43) FreeMarkerConfigStep INIT - config = {mode=class, path=/fj_doc_mod_fop_config/template/, load-bundled-functions=false, exception-handler=RETHROW_HANDLER, fallback-on-null-loop-variable=false, wrap-unchecked-exceptions=true, log-exception=false, version=2.3.29, class=org.fugerit.java.doc.mod.fop.FopConfigDefault}
2025-12-02 15:25:00,397 INFO  [org.fug.jav.cor.uti.fil.MiniFilterBase] (Thread-41) FreeMarkerConfigStep INIT - config = {mode=class, path=/fj_doc_freemarker_config/template/, load-bundled-functions=false, exception-handler=RETHROW_HANDLER, fallback-on-null-loop-variable=false, wrap-unchecked-exceptions=true, log-exception=false, version=2.3.29, class=org.fugerit.java.doc.freemarker.process.DocChainModel}
2025-12-02 15:25:00,397 INFO  [org.fug.jav.cor.uti.fil.MiniFilterBase] (Thread-42) FreeMarkerConfigStep INIT - config = {mode=class, path=/fj_doc_freemarker_config/template/, load-bundled-functions=false, exception-handler=RETHROW_HANDLER, fallback-on-null-loop-variable=false, wrap-unchecked-exceptions=true, log-exception=false, version=2.3.29, class=org.fugerit.java.doc.freemarker.process.DocChainModel}
2025-12-02 15:25:00,447 INFO  [io.quarkus] (main) unit-test-demo-app 1.1.0 on JVM (powered by Quarkus 3.29.1) started in 2.293s. Listening on: http://localhost:8081
2025-12-02 15:25:00,447 INFO  [io.quarkus] (main) Profile test activated. 
2025-12-02 15:25:00,448 INFO  [io.quarkus] (main) Installed features: [cdi, config-yaml, jacoco, rest, rest-jackson, security, smallrye-context-propagation, smallrye-jwt, smallrye-openapi, swagger-ui, vertx]
2025-12-02 15:25:00,516 INFO  [org.fug.jav.doc.bas.con.InitHandler] (Thread-42) Init handler time FreeMarkerHtmlFragmentTypeHandlerEscapeUTF8{customId='24563b99-67f3-4342-a5f8-41df93bb484f', type='fhtml', module='fm', format='null', mime='text/html', charset=UTF-8} -> 140 ms
2025-12-02 15:25:00,516 INFO  [org.fug.jav.doc.bas.con.InitHandler] (Thread-40) Init handler time FreeMarkerHtmlTypeHandlerEscapeUTF8{customId='790cde5b-24a9-4796-9608-84d88e52feb2', type='html', module='fm', format='null', mime='text/html', charset=UTF-8} -> 140 ms
2025-12-02 15:25:00,516 INFO  [org.fug.jav.doc.bas.con.InitHandler] (Thread-41) Init handler time FreeMarkerAsciidocTypeHandlerUTF8{customId='497de5d5-dbd9-44a8-9c51-4dac97bc8e88', type='adoc', module='fm', format='null', mime='text/html', charset=UTF-8} -> 140 ms
2025-12-02 15:25:00,516 INFO  [org.fug.jav.doc.bas.con.InitHandler] (Thread-42) Init handler end : FreeMarkerHtmlFragmentTypeHandlerEscapeUTF8{customId='24563b99-67f3-4342-a5f8-41df93bb484f', type='fhtml', module='fm', format='null', mime='text/html', charset=UTF-8} -> true
2025-12-02 15:25:00,516 INFO  [org.fug.jav.doc.bas.con.InitHandler] (Thread-41) Init handler end : FreeMarkerAsciidocTypeHandlerUTF8{customId='497de5d5-dbd9-44a8-9c51-4dac97bc8e88', type='adoc', module='fm', format='null', mime='text/html', charset=UTF-8} -> true
2025-12-02 15:25:00,516 INFO  [org.fug.jav.doc.bas.con.InitHandler] (Thread-40) Init handler end : FreeMarkerHtmlTypeHandlerEscapeUTF8{customId='790cde5b-24a9-4796-9608-84d88e52feb2', type='html', module='fm', format='null', mime='text/html', charset=UTF-8} -> true
2025-12-02 15:25:00,836 INFO  [org.apa.fop.app.FOUserAgent] (Thread-43) Rendered page #1.
2025-12-02 15:25:00,838 INFO  [org.fug.jav.doc.bas.con.InitHandler] (Thread-43) Init handler time PdfFopTypeHandler{customId='c9c43eac-9a39-46ce-8ede-c8965e682036', type='pdf', module='fop', format='null', mime='null', charset=UTF-8}[pdfAmode=null,pdfUAmode=,null,poolMin=0,poolMax=0] -> 462 ms
2025-12-02 15:25:00,839 INFO  [org.fug.jav.doc.bas.con.InitHandler] (Thread-43) Init handler end : PdfFopTypeHandler{customId='c9c43eac-9a39-46ce-8ede-c8965e682036', type='pdf', module='fop', format='null', mime='null', charset=UTF-8}[pdfAmode=null,pdfUAmode=,null,poolMin=0,poolMax=0] -> true
2025-12-02 15:25:01,264 INFO  [org.fug.jav.dem.uni.aut.AuthInterceptor] (executor-thread-1) check roles [EnumRoles{code='admin', id='1', description='Amministratore'}, EnumRoles{code='user', id='2', description='Utente'}]
2025-12-02 15:25:01,264 INFO  [org.fug.jav.dem.uni.aut.AuthInterceptor] (executor-thread-1) user  roles [EnumRoles{code='user', id='2', description='Utente'}]
2025-12-02 15:25:01,269 INFO  [org.fug.jav.dem.uni.DocResource] (executor-thread-1) processDocument handlerId : html
2025-12-02 15:25:01,270 INFO  [org.fug.jav.cor.uti.fil.MiniFilterBase] (executor-thread-1) FreeMarkerConfigStep INIT - config = {mode=class, path=/unit-test-demo-app/template/, load-bundled-functions=true, exception-handler=RETHROW_HANDLER, fallback-on-null-loop-variable=false, wrap-unchecked-exceptions=true, log-exception=false, version=2.3.32, class=org.fugerit.java.demo.unittestdemoapp.DocHelper}
2025-12-02 15:25:01,270 INFO  [org.fug.jav.doc.fre.pro.FreemarkerDocProcessConfigFacade] (executor-thread-1) loadConfigSafe config path : cl://unit-test-demo-app/fm-doc-process-config.xml
2025-12-02 15:25:01,272 INFO  [org.fug.jav.doc.fre.pro.FreemarkerDocProcessConfigFacade] (executor-thread-1) setupGeneralAttribute : name : validating value : 
2025-12-02 15:25:01,272 INFO  [org.fug.jav.doc.fre.pro.FreemarkerDocProcessConfigFacade] (executor-thread-1) setupGeneralAttribute : name : failOnValidate value : 
2025-12-02 15:25:01,272 INFO  [org.fug.jav.doc.fre.pro.FreemarkerDocProcessConfigFacade] (executor-thread-1) setupGeneralAttribute : name : cleanSource value : 
2025-12-02 15:25:01,272 INFO  [org.fug.jav.doc.fre.pro.FreemarkerDocProcessConfigFacade] (executor-thread-1) setupGeneralAttribute : name : table-check-integrity value : 
2025-12-02 15:25:01,273 INFO  [org.fug.jav.doc.fre.pro.FreemarkerDocProcessConfigFacade] (executor-thread-1) docHandlerList -> 6
2025-12-02 15:25:01,273 INFO  [org.fug.jav.doc.fre.pro.FreemarkerDocProcessConfigFacade] (executor-thread-1) factoryType : [docHandler: null] , resultType : org.fugerit.java.doc.base.typehandler.markdown.SimpleMarkdownExtTypeHandler
2025-12-02 15:25:01,273 INFO  [org.fug.jav.doc.fre.pro.FreemarkerDocProcessConfigFacade] (executor-thread-1) ConfigurableObject -> try configure()
2025-12-02 15:25:01,273 INFO  [org.fug.jav.doc.bas.con.DocTypeHandlerDefault] (executor-thread-1) configure : md-ext
2025-12-02 15:25:01,273 INFO  [org.fug.jav.doc.fre.pro.FreemarkerDocProcessConfigFacade] (executor-thread-1) register handler id md-ext, handler SimpleMarkdownExtTypeHandler{customId='9e63bb9e-c813-4573-aeb2-b0c7ee397bc0', type='md', module='markdown', format='null', mime='text/x-markdown', charset=UTF-8}
2025-12-02 15:25:01,273 INFO  [org.fug.jav.doc.bas.fac.DocHandlerFacade] (executor-thread-1) Registering handler with id md-markdown : org.fugerit.java.doc.base.typehandler.markdown.SimpleMarkdownExtTypeHandler
2025-12-02 15:25:01,273 INFO  [org.fug.jav.doc.bas.fac.DocHandlerFacade] (executor-thread-1) Registering handler with id md : org.fugerit.java.doc.base.typehandler.markdown.SimpleMarkdownExtTypeHandler
2025-12-02 15:25:01,273 INFO  [org.fug.jav.doc.bas.fac.DocHandlerFacade] (executor-thread-1) list keys current -> SimpleMarkdownExtTypeHandler{customId='9e63bb9e-c813-4573-aeb2-b0c7ee397bc0', type='md', module='markdown', format='null', mime='text/x-markdown', charset=UTF-8} : list [md, md-markdown, md-ext]
2025-12-02 15:25:01,273 INFO  [org.fug.jav.doc.fre.pro.FreemarkerDocProcessConfigFacade] (executor-thread-1) factoryType : [docHandler: null] , resultType : org.fugerit.java.doc.base.typehandler.core.DocTypeHandlerCoreXMLUTF8
2025-12-02 15:25:01,273 INFO  [org.fug.jav.doc.fre.pro.FreemarkerDocProcessConfigFacade] (executor-thread-1) ConfigurableObject -> try configure()
2025-12-02 15:25:01,273 INFO  [org.fug.jav.doc.bas.con.DocTypeHandlerDefault] (executor-thread-1) configure : xml-doc
2025-12-02 15:25:01,273 INFO  [org.fug.jav.doc.fre.pro.FreemarkerDocProcessConfigFacade] (executor-thread-1) register handler id xml-doc, handler DocTypeHandlerCoreXMLUTF8{customId='6d38a93a-a1ef-4d68-bb27-11a4820d87c9', type='xml', module='doc-core', format='null', mime='null', charset=UTF-8}
2025-12-02 15:25:01,273 INFO  [org.fug.jav.doc.bas.fac.DocHandlerFacade] (executor-thread-1) Registering handler with id xml-doc-core : org.fugerit.java.doc.base.typehandler.core.DocTypeHandlerCoreXMLUTF8
2025-12-02 15:25:01,273 INFO  [org.fug.jav.doc.bas.fac.DocHandlerFacade] (executor-thread-1) Registering handler with id xml : org.fugerit.java.doc.base.typehandler.core.DocTypeHandlerCoreXMLUTF8
2025-12-02 15:25:01,273 INFO  [org.fug.jav.doc.bas.fac.DocHandlerFacade] (executor-thread-1) list keys current -> DocTypeHandlerCoreXMLUTF8{customId='6d38a93a-a1ef-4d68-bb27-11a4820d87c9', type='xml', module='doc-core', format='null', mime='null', charset=UTF-8} : list [xml-doc-core, xml-doc, xml, md, md-markdown, md-ext]
2025-12-02 15:25:01,273 INFO  [org.fug.jav.doc.fre.pro.FreemarkerDocProcessConfigFacade] (executor-thread-1) factoryType : [docHandler: null] , resultType : org.fugerit.java.doc.freemarker.html.FreeMarkerHtmlTypeHandlerEscapeUTF8
2025-12-02 15:25:01,273 INFO  [org.fug.jav.doc.fre.pro.FreemarkerDocProcessConfigFacade] (executor-thread-1) ConfigurableObject -> try configure()
2025-12-02 15:25:01,274 INFO  [org.fug.jav.doc.bas.con.DocTypeHandlerDefault] (executor-thread-1) configure : html-fm
2025-12-02 15:25:01,274 INFO  [org.fug.jav.doc.fre.pro.FreemarkerDocProcessConfigFacade] (executor-thread-1) register handler id html-fm, handler FreeMarkerHtmlTypeHandlerEscapeUTF8{customId='98295eb9-ec85-47ba-bdd5-f495ac0a2ab2', type='html', module='fm', format='null', mime='text/html', charset=UTF-8}
2025-12-02 15:25:01,274 INFO  [org.fug.jav.doc.bas.fac.DocHandlerFacade] (executor-thread-1) Registering handler with id html-fm : org.fugerit.java.doc.freemarker.html.FreeMarkerHtmlTypeHandlerEscapeUTF8
2025-12-02 15:25:01,274 INFO  [org.fug.jav.doc.bas.fac.DocHandlerFacade] (executor-thread-1) Registering handler with id html : org.fugerit.java.doc.freemarker.html.FreeMarkerHtmlTypeHandlerEscapeUTF8
2025-12-02 15:25:01,274 INFO  [org.fug.jav.doc.bas.fac.DocHandlerFacade] (executor-thread-1) list keys current -> FreeMarkerHtmlTypeHandlerEscapeUTF8{customId='98295eb9-ec85-47ba-bdd5-f495ac0a2ab2', type='html', module='fm', format='null', mime='text/html', charset=UTF-8} : list [xml-doc-core, xml-doc, html-fm, xml, md, md-markdown, html, md-ext]
2025-12-02 15:25:01,274 INFO  [org.fug.jav.doc.fre.pro.FreemarkerDocProcessConfigFacade] (executor-thread-1) factoryType : [docHandler: null] , resultType : org.fugerit.java.doc.freemarker.html.FreeMarkerHtmlFragmentTypeHandlerEscapeUTF8
2025-12-02 15:25:01,274 INFO  [org.fug.jav.doc.fre.pro.FreemarkerDocProcessConfigFacade] (executor-thread-1) ConfigurableObject -> try configure()
2025-12-02 15:25:01,274 INFO  [org.fug.jav.doc.bas.con.DocTypeHandlerDefault] (executor-thread-1) configure : html-fragment-fm
2025-12-02 15:25:01,274 INFO  [org.fug.jav.doc.fre.pro.FreemarkerDocProcessConfigFacade] (executor-thread-1) register handler id html-fragment-fm, handler FreeMarkerHtmlFragmentTypeHandlerEscapeUTF8{customId='549b7427-0bb5-40fd-ab68-3b3324612fa6', type='fhtml', module='fm', format='null', mime='text/html', charset=UTF-8}
2025-12-02 15:25:01,274 INFO  [org.fug.jav.doc.bas.fac.DocHandlerFacade] (executor-thread-1) Registering handler with id fhtml-fm : org.fugerit.java.doc.freemarker.html.FreeMarkerHtmlFragmentTypeHandlerEscapeUTF8
2025-12-02 15:25:01,274 INFO  [org.fug.jav.doc.bas.fac.DocHandlerFacade] (executor-thread-1) Registering handler with id fhtml : org.fugerit.java.doc.freemarker.html.FreeMarkerHtmlFragmentTypeHandlerEscapeUTF8
2025-12-02 15:25:01,274 INFO  [org.fug.jav.doc.bas.fac.DocHandlerFacade] (executor-thread-1) list keys current -> FreeMarkerHtmlFragmentTypeHandlerEscapeUTF8{customId='549b7427-0bb5-40fd-ab68-3b3324612fa6', type='fhtml', module='fm', format='null', mime='text/html', charset=UTF-8} : list [xml-doc-core, fhtml-fm, xml-doc, html-fm, xml, md, md-markdown, html, md-ext, html-fragment-fm, fhtml]
2025-12-02 15:25:01,275 INFO  [org.fug.jav.doc.fre.pro.FreemarkerDocProcessConfigFacade] (executor-thread-1) factoryType : [docHandler: null] , resultType : org.fugerit.java.doc.freemarker.asciidoc.FreeMarkerAsciidocTypeHandlerUTF8
2025-12-02 15:25:01,275 INFO  [org.fug.jav.doc.fre.pro.FreemarkerDocProcessConfigFacade] (executor-thread-1) ConfigurableObject -> try configure()
2025-12-02 15:25:01,275 INFO  [org.fug.jav.doc.bas.con.DocTypeHandlerDefault] (executor-thread-1) configure : asciidoc-fm
2025-12-02 15:25:01,275 INFO  [org.fug.jav.doc.fre.pro.FreemarkerDocProcessConfigFacade] (executor-thread-1) register handler id asciidoc-fm, handler FreeMarkerAsciidocTypeHandlerUTF8{customId='250a37d7-8987-4f5c-8dbb-65365a0ad531', type='adoc', module='fm', format='null', mime='text/html', charset=UTF-8}
2025-12-02 15:25:01,275 INFO  [org.fug.jav.doc.bas.fac.DocHandlerFacade] (executor-thread-1) Registering handler with id adoc-fm : org.fugerit.java.doc.freemarker.asciidoc.FreeMarkerAsciidocTypeHandlerUTF8
2025-12-02 15:25:01,275 INFO  [org.fug.jav.doc.bas.fac.DocHandlerFacade] (executor-thread-1) Registering handler with id adoc : org.fugerit.java.doc.freemarker.asciidoc.FreeMarkerAsciidocTypeHandlerUTF8
2025-12-02 15:25:01,276 INFO  [org.fug.jav.doc.bas.fac.DocHandlerFacade] (executor-thread-1) list keys current -> FreeMarkerAsciidocTypeHandlerUTF8{customId='250a37d7-8987-4f5c-8dbb-65365a0ad531', type='adoc', module='fm', format='null', mime='text/html', charset=UTF-8} : list [xml-doc-core, fhtml-fm, html-fm, md-markdown, xml-doc, xml, md, adoc-fm, asciidoc-fm, html, adoc, md-ext, html-fragment-fm, fhtml]
2025-12-02 15:25:01,276 INFO  [org.fug.jav.doc.fre.pro.FreemarkerDocProcessConfigFacade] (executor-thread-1) factoryType : [docHandler: null] , resultType : org.fugerit.java.doc.mod.fop.PdfFopTypeHandler
2025-12-02 15:25:01,276 INFO  [org.fug.jav.doc.fre.pro.FreemarkerDocProcessConfigFacade] (executor-thread-1) ConfigurableObject -> try configure()
2025-12-02 15:25:01,276 INFO  [org.fug.jav.doc.bas.con.DocTypeHandlerDefault] (executor-thread-1) configure : pdf-fop
2025-12-02 15:25:01,276 INFO  [org.fug.jav.doc.fre.pro.FreemarkerDocProcessConfigFacade] (executor-thread-1) register handler id pdf-fop, handler PdfFopTypeHandler{customId='bfa9e4a1-e5cc-4dac-bf65-d4f2ea6ff635', type='pdf', module='fop', format='null', mime='null', charset=UTF-8}[pdfAmode=null,pdfUAmode=,null,poolMin=0,poolMax=0]
2025-12-02 15:25:01,276 INFO  [org.fug.jav.doc.bas.fac.DocHandlerFacade] (executor-thread-1) Registering handler with id pdf-fop : org.fugerit.java.doc.mod.fop.PdfFopTypeHandler
2025-12-02 15:25:01,277 INFO  [org.fug.jav.doc.bas.fac.DocHandlerFacade] (executor-thread-1) Registering handler with id pdf : org.fugerit.java.doc.mod.fop.PdfFopTypeHandler
2025-12-02 15:25:01,277 INFO  [org.fug.jav.doc.bas.fac.DocHandlerFacade] (executor-thread-1) list keys current -> PdfFopTypeHandler{customId='bfa9e4a1-e5cc-4dac-bf65-d4f2ea6ff635', type='pdf', module='fop', format='null', mime='null', charset=UTF-8}[pdfAmode=null,pdfUAmode=,null,poolMin=0,poolMax=0] : list [xml-doc-core, fhtml-fm, html-fm, md-markdown, xml-doc, pdf, xml, md, adoc-fm, asciidoc-fm, html, adoc, md-ext, pdf-fop, html-fragment-fm, fhtml]
2025-12-02 15:25:01,277 INFO  [org.fug.jav.doc.fre.pro.FreemarkerDocProcessConfigFacade] (executor-thread-1) loadConfig ok : org.fugerit.java.doc.freemarker.process.FreemarkerDocProcessConfig@b613d89
]]></system-out>
    <system-err><![CDATA[SLF4J(W): Class path contains multiple SLF4J providers.
SLF4J(W): Found provider [org.slf4j.impl.JBossSlf4jServiceProvider@55b62db8]
SLF4J(W): Found provider [org.slf4j.simple.SimpleServiceProvider@772f3a3f]
SLF4J(W): See https://www.slf4j.org/codes.html#multiple_bindings for an explanation.
SLF4J(I): Actual provider is of type [org.slf4j.impl.JBossSlf4jServiceProvider@55b62db8]
]]></system-err>
  </testcase>
  <testcase name="testHtml401NoAuthorizationBearer" classname="test.org.fugerit.java.demo.unittestdemoapp.DocResourceSicurezzaTest" time="0.015"/>
  <testcase name="testAsciiDocNoAuthorizationBearer" classname="test.org.fugerit.java.demo.unittestdemoapp.DocResourceSicurezzaTest" time="0.011"/>
  <testcase name="testPdfOkNoAdminRole" classname="test.org.fugerit.java.demo.unittestdemoapp.DocResourceSicurezzaTest" time="0.088">
    <system-out><![CDATA[2025-12-02 15:25:01,605 INFO  [org.fug.jav.dem.uni.aut.AuthInterceptor] (executor-thread-1) check roles [EnumRoles{code='admin', id='1', description='Amministratore'}, EnumRoles{code='user', id='2', description='Utente'}]
2025-12-02 15:25:01,605 INFO  [org.fug.jav.dem.uni.aut.AuthInterceptor] (executor-thread-1) user  roles [EnumRoles{code='user', id='2', description='Utente'}]
2025-12-02 15:25:01,605 INFO  [org.fug.jav.dem.uni.DocResource] (executor-thread-1) processDocument handlerId : pdf
2025-12-02 15:25:01,655 WARN  [org.apa.fop.app.FOUserAgent] (executor-thread-1) Font "Symbol,normal,700" not found. Substituting with "Symbol,normal,400".
2025-12-02 15:25:01,655 WARN  [org.apa.fop.app.FOUserAgent] (executor-thread-1) Font "ZapfDingbats,normal,700" not found. Substituting with "ZapfDingbats,normal,400".
2025-12-02 15:25:01,676 INFO  [org.apa.fop.app.FOUserAgent] (executor-thread-1) Rendered page #1.
]]></system-out>
  </testcase>
  <testcase name="testInvalidJwtPayload" classname="test.org.fugerit.java.demo.unittestdemoapp.DocResourceSicurezzaTest" time="0.029">
    <system-out><![CDATA[2025-12-02 15:25:01,693 ERROR [org.fug.jav.dem.uni.aut.JwtHelper] (executor-thread-1) Payload JWT Non valido: com.fasterxml.jackson.core.io.JsonEOFException: Unexpected end-of-input within/between Object entries
 at [Source: REDACTED (`StreamReadFeature.INCLUDE_SOURCE_IN_LOCATION` disabled); line: 1, column: 22]
	at com.fasterxml.jackson.core.base.ParserMinimalBase._reportInvalidEOF(ParserMinimalBase.java:643)
	at com.fasterxml.jackson.core.json.ReaderBasedJsonParser._skipColon2(ReaderBasedJsonParser.java:2372)
	at com.fasterxml.jackson.core.json.ReaderBasedJsonParser._skipColon(ReaderBasedJsonParser.java:2287)
	at com.fasterxml.jackson.core.json.ReaderBasedJsonParser.nextFieldName(ReaderBasedJsonParser.java:942)
	at com.fasterxml.jackson.databind.deser.std.MapDeserializer._readAndBindStringKeyMap(MapDeserializer.java:608)
	at com.fasterxml.jackson.databind.deser.std.MapDeserializer.deserialize(MapDeserializer.java:450)
	at com.fasterxml.jackson.databind.deser.std.MapDeserializer.deserialize(MapDeserializer.java:31)
	at com.fasterxml.jackson.databind.deser.DefaultDeserializationContext.readRootValue(DefaultDeserializationContext.java:342)
	at com.fasterxml.jackson.databind.ObjectMapper._readMapAndClose(ObjectMapper.java:5038)
	at com.fasterxml.jackson.databind.ObjectMapper.readValue(ObjectMapper.java:3954)
	at com.fasterxml.jackson.databind.ObjectMapper.readValue(ObjectMapper.java:3922)
	at org.fugerit.java.demo.unittestdemoapp.auth.JwtHelper.getSubjectWithoutVerification(JwtHelper.java:44)
	at org.fugerit.java.demo.unittestdemoapp.auth.JwtHelper_ClientProxy.getSubjectWithoutVerification(Unknown Source)
	at org.fugerit.java.demo.unittestdemoapp.auth.AuthInterceptor.check(AuthInterceptor.java:44)
	at org.fugerit.java.demo.unittestdemoapp.auth.AuthInterceptor_Bean.intercept(Unknown Source)
	at io.quarkus.arc.impl.InterceptorInvocation.invoke(InterceptorInvocation.java:42)
	at io.quarkus.arc.impl.AroundInvokeInvocationContext.perform(AroundInvokeInvocationContext.java:30)
	at io.quarkus.arc.impl.InvocationContexts.performAroundInvoke(InvocationContexts.java:27)
	at org.fugerit.java.demo.unittestdemoapp.DocResource_Subclass.markdownExample(Unknown Source)
	at org.fugerit.java.demo.unittestdemoapp.DocResource_ClientProxy.markdownExample(Unknown Source)
	at org.fugerit.java.demo.unittestdemoapp.DocResource$quarkusrestinvoker$markdownExample_c54b8a4971113d24c93bed52b8166e8b0ebfbd80.invoke(Unknown Source)
	at org.jboss.resteasy.reactive.server.handlers.InvocationHandler.handle(InvocationHandler.java:29)
	at io.quarkus.resteasy.reactive.server.runtime.QuarkusResteasyReactiveRequestContext.invokeHandler(QuarkusResteasyReactiveRequestContext.java:183)
	at org.jboss.resteasy.reactive.common.core.AbstractResteasyReactiveContext.run(AbstractResteasyReactiveContext.java:147)
	at io.quarkus.vertx.core.runtime.VertxCoreRecorder$15.runWith(VertxCoreRecorder.java:645)
	at org.jboss.threads.EnhancedQueueExecutor$Task.doRunWith(EnhancedQueueExecutor.java:2651)
	at org.jboss.threads.EnhancedQueueExecutor$Task.run(EnhancedQueueExecutor.java:2630)
	at org.jboss.threads.EnhancedQueueExecutor.runThreadBody(EnhancedQueueExecutor.java:1622)
	at org.jboss.threads.EnhancedQueueExecutor$ThreadBody.run(EnhancedQueueExecutor.java:1589)
	at org.jboss.threads.DelegatingRunnable.run(DelegatingRunnable.java:11)
	at org.jboss.threads.ThreadLocalResettingRunnable.run(ThreadLocalResettingRunnable.java:11)
	at io.netty.util.concurrent.FastThreadLocalRunnable.run(FastThreadLocalRunnable.java:30)
	at java.base/java.lang.Thread.run(Thread.java:1583)

]]></system-out>
  </testcase>
  <testcase name="testMarkdown403NoAdminRole" classname="test.org.fugerit.java.demo.unittestdemoapp.DocResourceSicurezzaTest" time="0.0">
    <skipped message="System property [os.name] with value [Linux] does not match regular expression [Windows]"/>
  </testcase>
  <testcase name="testMarkdown401NoAuthorizationBearer" classname="test.org.fugerit.java.demo.unittestdemoapp.DocResourceSicurezzaTest" time="0.012"/>
  <testcase name="testInvalidJwt" classname="test.org.fugerit.java.demo.unittestdemoapp.DocResourceSicurezzaTest" time="0.014">
    <system-out><![CDATA[2025-12-02 15:25:01,743 ERROR [org.fug.jav.dem.uni.aut.JwtHelper] (executor-thread-1) JWT Non Valido
]]></system-out>
  </testcase>
</testsuite>